2019-08-29 07:50 ASI.Main Thread INFO     Current Time : 2019-08-29 07:50:48
2019-08-29 07:50 ASI.Main Thread INFO     System Stop Time : 2020-08-28 07:50:48
2019-08-29 07:50 ASI.Main Thread INFO     Artificial Superintelligence is active...

2019-08-29 07:50 ASI.Manage_Stocks_Database INFO     Starting Stock Evaluations...
2019-08-29 07:50 ASI.Manage_Stocks_Database INFO     Industry #1 out of 9
2019-08-29 07:50 ASI.Manage_Stocks_Database INFO     Stock #1 out of 37
2019-08-29 07:50 ASI.Manage_Stocks_Database INFO     Symbol : AAT
2019-08-29 07:50 ASI.Manage_Stocks_Database INFO     Evaluating American Assets Trust Inc...
2019-08-29 07:50 ASI.Manage_Stocks_Database INFO     American Assets Trust Inc is a Real Estate stock

2019-08-29 07:50 ASI.Manage_Stocks_Database INFO     Updating Revenue Growth...
2019-08-29 07:50 ASI.Manage_Stocks_Database INFO     Updating Stock Rating...
2019-08-29 07:50 ASI.Manage_Stocks_Database INFO     Reading Summary Data...
2019-08-29 07:50 ASI.Manage_Stocks_Database INFO     Calculating TTM Revenue...
2019-08-29 07:50 ASI.Manage_Stocks_Database INFO     Updating Intrinsic Value...

2019-08-29 07:50 ASI.Manage_Stocks_Database INFO     Starting Stock Evaluations...
2019-08-29 07:50 ASI.Manage_Stocks_Database INFO     Industry #1 out of 9
2019-08-29 07:50 ASI.Manage_Stocks_Database INFO     Stock #2 out of 37
2019-08-29 07:50 ASI.Manage_Stocks_Database INFO     Symbol : ADC
2019-08-29 07:50 ASI.Manage_Stocks_Database INFO     Evaluating Agree Realty Corp...
2019-08-29 07:50 ASI.Manage_Stocks_Database INFO     Agree Realty Corp is a Real Estate stock

2019-08-29 07:51 ASI.Manage_Stocks_Database INFO     Updating Revenue Growth...
2019-08-29 07:51 ASI.Manage_Stocks_Database INFO     Updating Stock Rating...
2019-08-29 07:51 ASI.Manage_Stocks_Database INFO     Reading Summary Data...
2019-08-29 07:51 ASI.Manage_Stocks_Database INFO     Calculating TTM Revenue...
2019-08-29 07:51 ASI.Manage_Stocks_Database INFO     Updating Intrinsic Value...

2019-08-29 07:51 ASI.Manage_Stocks_Database INFO     Starting Stock Evaluations...
2019-08-29 07:51 ASI.Manage_Stocks_Database INFO     Industry #1 out of 9
2019-08-29 07:51 ASI.Manage_Stocks_Database INFO     Stock #3 out of 37
2019-08-29 07:51 ASI.Manage_Stocks_Database INFO     Symbol : AKR
2019-08-29 07:51 ASI.Manage_Stocks_Database INFO     Evaluating Acadia Realty Trust...
2019-08-29 07:51 ASI.Manage_Stocks_Database INFO     Acadia Realty Trust is a Real Estate stock

2019-08-29 07:51 ASI.Manage_Stocks_Database INFO     Updating Revenue Growth...
2019-08-29 07:51 ASI.Manage_Stocks_Database INFO     Updating Stock Rating...
2019-08-29 07:51 ASI.Manage_Stocks_Database INFO     Reading Summary Data...
2019-08-29 07:51 ASI.Manage_Stocks_Database INFO     Calculating TTM Revenue...
2019-08-29 07:51 ASI.Manage_Stocks_Database INFO     Updating Intrinsic Value...

2019-08-29 07:51 ASI.Manage_Stocks_Database INFO     Starting Stock Evaluations...
2019-08-29 07:51 ASI.Manage_Stocks_Database INFO     Industry #1 out of 9
2019-08-29 07:51 ASI.Manage_Stocks_Database INFO     Stock #4 out of 37
2019-08-29 07:51 ASI.Manage_Stocks_Database INFO     Symbol : ALX
2019-08-29 07:51 ASI.Manage_Stocks_Database INFO     Evaluating Alexanders Inc...
2019-08-29 07:51 ASI.Manage_Stocks_Database INFO     Alexanders Inc is a Real Estate stock

2019-08-29 07:51 ASI.Manage_Stocks_Database INFO     Updating Revenue Growth...
2019-08-29 07:51 ASI.Manage_Stocks_Database INFO     Updating Stock Rating...
2019-08-29 07:51 ASI.Manage_Stocks_Database INFO     Reading Summary Data...
2019-08-29 07:51 ASI.Manage_Stocks_Database INFO     Calculating TTM Revenue...
2019-08-29 07:51 ASI.Manage_Stocks_Database INFO     Updating Intrinsic Value...

2019-08-29 07:51 ASI.Manage_Stocks_Database INFO     Starting Stock Evaluations...
2019-08-29 07:51 ASI.Manage_Stocks_Database INFO     Industry #1 out of 9
2019-08-29 07:51 ASI.Manage_Stocks_Database INFO     Stock #5 out of 37
2019-08-29 07:51 ASI.Manage_Stocks_Database INFO     Symbol : BFS
2019-08-29 07:51 ASI.Manage_Stocks_Database INFO     Evaluating Saul Centers Inc...
2019-08-29 07:51 ASI.Manage_Stocks_Database INFO     Saul Centers Inc is a Real Estate stock

2019-08-29 07:51 ASI.Manage_Stocks_Database INFO     Updating Revenue Growth...
2019-08-29 07:51 ASI.Manage_Stocks_Database INFO     Updating Stock Rating...
2019-08-29 07:51 ASI.Manage_Stocks_Database INFO     Reading Summary Data...
2019-08-29 07:51 ASI.Manage_Stocks_Database INFO     Calculating TTM Revenue...
2019-08-29 07:51 ASI.Manage_Stocks_Database INFO     Updating Intrinsic Value...

2019-08-29 07:51 ASI.Manage_Stocks_Database INFO     Starting Stock Evaluations...
2019-08-29 07:51 ASI.Manage_Stocks_Database INFO     Industry #1 out of 9
2019-08-29 07:51 ASI.Manage_Stocks_Database INFO     Stock #6 out of 37
2019-08-29 07:51 ASI.Manage_Stocks_Database INFO     Symbol : BPR
2019-08-29 07:51 ASI.Manage_Stocks_Database INFO     Evaluating Brookfield Property REIT Inc...
2019-08-29 07:51 ASI.Manage_Stocks_Database INFO     Brookfield Property REIT Inc is a Real Estate stock

2019-08-29 07:52 ASI.Manage_Stocks_Database INFO     Updating Revenue Growth...
2019-08-29 07:52 ASI.Manage_Stocks_Database INFO     Updating Stock Rating...
2019-08-29 07:52 ASI.Manage_Stocks_Database INFO     Reading Summary Data...
2019-08-29 07:52 ASI.Manage_Stocks_Database INFO     Calculating TTM Revenue...
2019-08-29 07:52 ASI.Manage_Stocks_Database INFO     Updating Intrinsic Value...

2019-08-29 07:52 ASI.Manage_Stocks_Database INFO     Starting Stock Evaluations...
2019-08-29 07:52 ASI.Manage_Stocks_Database INFO     Industry #1 out of 9
2019-08-29 07:52 ASI.Manage_Stocks_Database INFO     Stock #7 out of 37
2019-08-29 07:52 ASI.Manage_Stocks_Database INFO     Symbol : BRX
2019-08-29 07:52 ASI.Manage_Stocks_Database INFO     Evaluating Brixmor Property Group Inc...
2019-08-29 07:52 ASI.Manage_Stocks_Database INFO     Brixmor Property Group Inc is a Real Estate stock

2019-08-29 07:52 ASI.Manage_Stocks_Database INFO     Updating Revenue Growth...
2019-08-29 07:52 ASI.Manage_Stocks_Database INFO     Updating Stock Rating...
2019-08-29 07:52 ASI.Manage_Stocks_Database INFO     Reading Summary Data...
2019-08-29 07:52 ASI.Manage_Stocks_Database INFO     Calculating TTM Revenue...
2019-08-29 07:52 ASI.Manage_Stocks_Database INFO     Updating Intrinsic Value...

2019-08-29 07:52 ASI.Manage_Stocks_Database INFO     Starting Stock Evaluations...
2019-08-29 07:52 ASI.Manage_Stocks_Database INFO     Industry #1 out of 9
2019-08-29 07:52 ASI.Manage_Stocks_Database INFO     Stock #8 out of 37
2019-08-29 07:52 ASI.Manage_Stocks_Database INFO     Symbol : CBL
2019-08-29 07:52 ASI.Manage_Stocks_Database INFO     Evaluating Cbl & Associates Properties Inc...
2019-08-29 07:52 ASI.Manage_Stocks_Database INFO     Cbl & Associates Properties Inc is a Real Estate stock

2019-08-29 07:52 ASI.Manage_Stocks_Database INFO     Updating Revenue Growth...
2019-08-29 07:52 ASI.Manage_Stocks_Database INFO     Updating Stock Rating...
2019-08-29 07:52 ASI.Manage_Stocks_Database INFO     Reading Summary Data...
2019-08-29 07:52 ASI.Manage_Stocks_Database INFO     Calculating TTM Revenue...
2019-08-29 07:52 ASI.Manage_Stocks_Database INFO     Updating Intrinsic Value...

2019-08-29 07:52 ASI.Manage_Stocks_Database INFO     Starting Stock Evaluations...
2019-08-29 07:52 ASI.Manage_Stocks_Database INFO     Industry #1 out of 9
2019-08-29 07:52 ASI.Manage_Stocks_Database INFO     Stock #9 out of 37
2019-08-29 07:52 ASI.Manage_Stocks_Database INFO     Symbol : CDR
2019-08-29 07:52 ASI.Manage_Stocks_Database INFO     Evaluating Cedar Realty Trust Inc...
2019-08-29 07:52 ASI.Manage_Stocks_Database INFO     Cedar Realty Trust Inc is a Real Estate stock

2019-08-29 07:52 ASI.Manage_Stocks_Database INFO     Updating Revenue Growth...
2019-08-29 07:52 ASI.Manage_Stocks_Database INFO     Updating Stock Rating...
2019-08-29 07:52 ASI.Manage_Stocks_Database INFO     Reading Summary Data...
2019-08-29 07:52 ASI.Manage_Stocks_Database INFO     Calculating TTM Revenue...
2019-08-29 07:52 ASI.Manage_Stocks_Database INFO     Updating Intrinsic Value...

2019-08-29 07:52 ASI.Manage_Stocks_Database INFO     Starting Stock Evaluations...
2019-08-29 07:52 ASI.Manage_Stocks_Database INFO     Industry #1 out of 9
2019-08-29 07:52 ASI.Manage_Stocks_Database INFO     Stock #10 out of 37
2019-08-29 07:52 ASI.Manage_Stocks_Database INFO     Symbol : EPR
2019-08-29 07:52 ASI.Manage_Stocks_Database INFO     Evaluating Epr Properties...
2019-08-29 07:52 ASI.Manage_Stocks_Database INFO     Epr Properties is a Real Estate stock

2019-08-29 07:52 ASI.Manage_Stocks_Database INFO     Updating Revenue Growth...
2019-08-29 07:52 ASI.Manage_Stocks_Database INFO     Updating Stock Rating...
2019-08-29 07:52 ASI.Manage_Stocks_Database INFO     Reading Summary Data...
2019-08-29 07:52 ASI.Manage_Stocks_Database INFO     Calculating TTM Revenue...
2019-08-29 07:52 ASI.Manage_Stocks_Database INFO     Updating Intrinsic Value...

2019-08-29 07:52 ASI.Manage_Stocks_Database INFO     Starting Stock Evaluations...
2019-08-29 07:52 ASI.Manage_Stocks_Database INFO     Industry #1 out of 9
2019-08-29 07:52 ASI.Manage_Stocks_Database INFO     Stock #11 out of 37
2019-08-29 07:52 ASI.Manage_Stocks_Database INFO     Symbol : FRT
2019-08-29 07:52 ASI.Manage_Stocks_Database INFO     Evaluating Federal Realty Investment Trust...
2019-08-29 07:52 ASI.Manage_Stocks_Database INFO     Federal Realty Investment Trust is a Real Estate stock

2019-08-29 07:52 ASI.Manage_Stocks_Database INFO     Updating Revenue Growth...
2019-08-29 07:52 ASI.Manage_Stocks_Database INFO     Updating Stock Rating...
2019-08-29 07:52 ASI.Manage_Stocks_Database INFO     Reading Summary Data...
2019-08-29 07:52 ASI.Manage_Stocks_Database INFO     Calculating TTM Revenue...
2019-08-29 07:53 ASI.Manage_Stocks_Database INFO     Updating Intrinsic Value...

2019-08-29 07:53 ASI.Manage_Stocks_Database INFO     Starting Stock Evaluations...
2019-08-29 07:53 ASI.Manage_Stocks_Database INFO     Industry #1 out of 9
2019-08-29 07:53 ASI.Manage_Stocks_Database INFO     Stock #12 out of 37
2019-08-29 07:53 ASI.Manage_Stocks_Database INFO     Symbol : GTY
2019-08-29 07:53 ASI.Manage_Stocks_Database INFO     Evaluating Getty Realty Corp...
2019-08-29 07:53 ASI.Manage_Stocks_Database INFO     Getty Realty Corp is a Real Estate stock

2019-08-29 07:53 ASI.Manage_Stocks_Database INFO     Updating Revenue Growth...
2019-08-29 07:53 ASI.Manage_Stocks_Database INFO     Updating Stock Rating...
2019-08-29 07:53 ASI.Manage_Stocks_Database INFO     Reading Summary Data...
2019-08-29 07:53 ASI.Manage_Stocks_Database INFO     Calculating TTM Revenue...
2019-08-29 07:53 ASI.Manage_Stocks_Database INFO     Updating Intrinsic Value...

2019-08-29 07:53 ASI.Manage_Stocks_Database INFO     Starting Stock Evaluations...
2019-08-29 07:53 ASI.Manage_Stocks_Database INFO     Industry #1 out of 9
2019-08-29 07:53 ASI.Manage_Stocks_Database INFO     Stock #13 out of 37
2019-08-29 07:53 ASI.Manage_Stocks_Database INFO     Symbol : HMG
2019-08-29 07:53 ASI.Manage_Stocks_Database INFO     Evaluating Hmg Courtland Properties Inc...
2019-08-29 07:53 ASI.Manage_Stocks_Database INFO     Hmg Courtland Properties Inc is a Real Estate stock

2019-08-29 07:53 ASI.Manage_Stocks_Database INFO     Updating Revenue Growth...
2019-08-29 07:53 ASI.Manage_Stocks_Database INFO     Updating Stock Rating...
2019-08-29 07:53 ASI.Manage_Stocks_Database INFO     Reading Summary Data...
2019-08-29 07:53 ASI.Manage_Stocks_Database INFO     Calculating TTM Revenue...
2019-08-29 07:53 ASI.Manage_Stocks_Database INFO     Updating Intrinsic Value...

2019-08-29 07:53 ASI.Manage_Stocks_Database INFO     Starting Stock Evaluations...
2019-08-29 07:53 ASI.Manage_Stocks_Database INFO     Industry #1 out of 9
2019-08-29 07:53 ASI.Manage_Stocks_Database INFO     Stock #14 out of 37
2019-08-29 07:53 ASI.Manage_Stocks_Database INFO     Symbol : KIM
2019-08-29 07:53 ASI.Manage_Stocks_Database INFO     Evaluating Kimco Realty Corp...
2019-08-29 07:53 ASI.Manage_Stocks_Database INFO     Kimco Realty Corp is a Real Estate stock

2019-08-29 07:53 ASI.Manage_Stocks_Database INFO     Updating Revenue Growth...
2019-08-29 07:53 ASI.Manage_Stocks_Database INFO     Updating Stock Rating...
2019-08-29 07:53 ASI.Manage_Stocks_Database INFO     Reading Summary Data...
2019-08-29 07:53 ASI.Manage_Stocks_Database INFO     Calculating TTM Revenue...
2019-08-29 07:54 ASI.Manage_Stocks_Database INFO     Updating Intrinsic Value...

2019-08-29 07:54 ASI.Manage_Stocks_Database INFO     Starting Stock Evaluations...
2019-08-29 07:54 ASI.Manage_Stocks_Database INFO     Industry #1 out of 9
2019-08-29 07:54 ASI.Manage_Stocks_Database INFO     Stock #15 out of 37
2019-08-29 07:54 ASI.Manage_Stocks_Database INFO     Symbol : KRG
2019-08-29 07:54 ASI.Manage_Stocks_Database INFO     Evaluating Kite Realty Group Trust...
2019-08-29 07:54 ASI.Manage_Stocks_Database INFO     Kite Realty Group Trust is a Real Estate stock

2019-08-29 07:54 ASI.Manage_Stocks_Database INFO     Updating Revenue Growth...
2019-08-29 07:54 ASI.Manage_Stocks_Database INFO     Updating Stock Rating...
2019-08-29 07:54 ASI.Manage_Stocks_Database INFO     Reading Summary Data...
2019-08-29 07:54 ASI.Manage_Stocks_Database INFO     Calculating TTM Revenue...
2019-08-29 07:54 ASI.Manage_Stocks_Database INFO     Updating Intrinsic Value...

2019-08-29 07:54 ASI.Manage_Stocks_Database INFO     Starting Stock Evaluations...
2019-08-29 07:54 ASI.Manage_Stocks_Database INFO     Industry #1 out of 9
2019-08-29 07:54 ASI.Manage_Stocks_Database INFO     Stock #16 out of 37
2019-08-29 07:54 ASI.Manage_Stocks_Database INFO     Symbol : MAC
2019-08-29 07:54 ASI.Manage_Stocks_Database INFO     Evaluating Macerich Co...
2019-08-29 07:54 ASI.Manage_Stocks_Database INFO     Macerich Co is a Real Estate stock

2019-08-29 07:54 ASI.Manage_Stocks_Database INFO     Updating Revenue Growth...
2019-08-29 07:54 ASI.Manage_Stocks_Database INFO     Updating Stock Rating...
2019-08-29 07:54 ASI.Manage_Stocks_Database INFO     Reading Summary Data...
2019-08-29 07:54 ASI.Manage_Stocks_Database INFO     Calculating TTM Revenue...
2019-08-29 07:54 ASI.Manage_Stocks_Database INFO     Updating Intrinsic Value...

2019-08-29 07:54 ASI.Manage_Stocks_Database INFO     Starting Stock Evaluations...
2019-08-29 07:54 ASI.Manage_Stocks_Database INFO     Industry #1 out of 9
2019-08-29 07:54 ASI.Manage_Stocks_Database INFO     Stock #17 out of 37
2019-08-29 07:54 ASI.Manage_Stocks_Database INFO     Symbol : NNN
2019-08-29 07:54 ASI.Manage_Stocks_Database INFO     Evaluating National Retail Properties Inc...
2019-08-29 07:54 ASI.Manage_Stocks_Database INFO     National Retail Properties Inc is a Real Estate stock

2019-08-29 07:54 ASI.Manage_Stocks_Database INFO     Updating Revenue Growth...
2019-08-29 07:54 ASI.Manage_Stocks_Database INFO     Updating Stock Rating...
2019-08-29 07:54 ASI.Manage_Stocks_Database INFO     Reading Summary Data...
2019-08-29 07:54 ASI.Manage_Stocks_Database INFO     Calculating TTM Revenue...
2019-08-29 07:54 ASI.Manage_Stocks_Database INFO     Updating Intrinsic Value...

2019-08-29 07:54 ASI.Manage_Stocks_Database INFO     Starting Stock Evaluations...
2019-08-29 07:54 ASI.Manage_Stocks_Database INFO     Industry #1 out of 9
2019-08-29 07:54 ASI.Manage_Stocks_Database INFO     Stock #18 out of 37
2019-08-29 07:54 ASI.Manage_Stocks_Database INFO     Symbol : O
2019-08-29 07:54 ASI.Manage_Stocks_Database INFO     Evaluating Realty Income Corp...
2019-08-29 07:54 ASI.Manage_Stocks_Database INFO     Realty Income Corp is a Real Estate stock

2019-08-29 07:55 ASI.Manage_Stocks_Database INFO     Updating Revenue Growth...
2019-08-29 07:55 ASI.Manage_Stocks_Database INFO     Updating Stock Rating...
2019-08-29 07:55 ASI.Manage_Stocks_Database INFO     Reading Summary Data...
2019-08-29 07:55 ASI.Manage_Stocks_Database INFO     Calculating TTM Revenue...
2019-08-29 07:55 ASI.Manage_Stocks_Database INFO     Updating Intrinsic Value...

2019-08-29 07:55 ASI.Manage_Stocks_Database INFO     Starting Stock Evaluations...
2019-08-29 07:55 ASI.Manage_Stocks_Database INFO     Industry #1 out of 9
2019-08-29 07:55 ASI.Manage_Stocks_Database INFO     Stock #19 out of 37
2019-08-29 07:55 ASI.Manage_Stocks_Database INFO     Symbol : PEI
2019-08-29 07:55 ASI.Manage_Stocks_Database INFO     Evaluating Pennsylvania Real Estate Investment Trust...
2019-08-29 07:55 ASI.Manage_Stocks_Database INFO     Pennsylvania Real Estate Investment Trust is a Real Estate stock

2019-08-29 07:55 ASI.Manage_Stocks_Database INFO     Updating Revenue Growth...
2019-08-29 07:55 ASI.Manage_Stocks_Database INFO     Updating Stock Rating...
2019-08-29 07:55 ASI.Manage_Stocks_Database INFO     Reading Summary Data...
2019-08-29 07:55 ASI.Manage_Stocks_Database INFO     Calculating TTM Revenue...
2019-08-29 07:55 ASI.Manage_Stocks_Database INFO     Updating Intrinsic Value...

2019-08-29 07:55 ASI.Manage_Stocks_Database INFO     Starting Stock Evaluations...
2019-08-29 07:55 ASI.Manage_Stocks_Database INFO     Industry #1 out of 9
2019-08-29 07:55 ASI.Manage_Stocks_Database INFO     Stock #20 out of 37
2019-08-29 07:55 ASI.Manage_Stocks_Database INFO     Symbol : REG
2019-08-29 07:55 ASI.Manage_Stocks_Database INFO     Evaluating Regency Centers Corp...
2019-08-29 07:55 ASI.Manage_Stocks_Database INFO     Regency Centers Corp is a Real Estate stock

2019-08-29 07:55 ASI.Manage_Stocks_Database INFO     Updating Revenue Growth...
2019-08-29 07:55 ASI.Manage_Stocks_Database INFO     Updating Stock Rating...
2019-08-29 07:55 ASI.Manage_Stocks_Database INFO     Reading Summary Data...
2019-08-29 07:55 ASI.Manage_Stocks_Database INFO     Calculating TTM Revenue...
2019-08-29 07:55 ASI.Manage_Stocks_Database INFO     Updating Intrinsic Value...

2019-08-29 07:55 ASI.Manage_Stocks_Database INFO     Starting Stock Evaluations...
2019-08-29 07:55 ASI.Manage_Stocks_Database INFO     Industry #1 out of 9
2019-08-29 07:55 ASI.Manage_Stocks_Database INFO     Stock #21 out of 37
2019-08-29 07:55 ASI.Manage_Stocks_Database INFO     Symbol : ROIC
2019-08-29 07:55 ASI.Manage_Stocks_Database INFO     Evaluating Retail Opportunity Investments Corp...
2019-08-29 07:55 ASI.Manage_Stocks_Database INFO     Retail Opportunity Investments Corp is a Real Estate stock

2019-08-29 07:55 ASI.Manage_Stocks_Database INFO     Updating Revenue Growth...
2019-08-29 07:55 ASI.Manage_Stocks_Database INFO     Updating Stock Rating...
2019-08-29 07:55 ASI.Manage_Stocks_Database INFO     Reading Summary Data...
2019-08-29 07:55 ASI.Manage_Stocks_Database INFO     Calculating TTM Revenue...
2019-08-29 07:55 ASI.Manage_Stocks_Database INFO     Updating Intrinsic Value...

2019-08-29 07:55 ASI.Manage_Stocks_Database INFO     Starting Stock Evaluations...
2019-08-29 07:55 ASI.Manage_Stocks_Database INFO     Industry #1 out of 9
2019-08-29 07:55 ASI.Manage_Stocks_Database INFO     Stock #22 out of 37
2019-08-29 07:55 ASI.Manage_Stocks_Database INFO     Symbol : RPAI
2019-08-29 07:55 ASI.Manage_Stocks_Database INFO     Evaluating Retail Properties Of America Inc...
2019-08-29 07:55 ASI.Manage_Stocks_Database INFO     Retail Properties Of America Inc is a Real Estate stock

2019-08-29 07:55 ASI.Manage_Stocks_Database INFO     Updating Revenue Growth...
2019-08-29 07:55 ASI.Manage_Stocks_Database INFO     Updating Stock Rating...
2019-08-29 07:55 ASI.Manage_Stocks_Database INFO     Reading Summary Data...
2019-08-29 07:55 ASI.Manage_Stocks_Database INFO     Calculating TTM Revenue...
2019-08-29 07:56 ASI.Manage_Stocks_Database INFO     Updating Intrinsic Value...

2019-08-29 07:56 ASI.Manage_Stocks_Database INFO     Starting Stock Evaluations...
2019-08-29 07:56 ASI.Manage_Stocks_Database INFO     Industry #1 out of 9
2019-08-29 07:56 ASI.Manage_Stocks_Database INFO     Stock #23 out of 37
2019-08-29 07:56 ASI.Manage_Stocks_Database INFO     Symbol : RPT
2019-08-29 07:56 ASI.Manage_Stocks_Database INFO     Evaluating RPT Realty...
2019-08-29 07:56 ASI.Manage_Stocks_Database INFO     RPT Realty is a Real Estate stock

2019-08-29 07:56 ASI.Manage_Stocks_Database INFO     Updating Revenue Growth...
2019-08-29 07:56 ASI.Manage_Stocks_Database INFO     Updating Stock Rating...
2019-08-29 07:56 ASI.Manage_Stocks_Database INFO     Reading Summary Data...
2019-08-29 07:56 ASI.Manage_Stocks_Database INFO     Calculating TTM Revenue...
2019-08-29 07:56 ASI.Manage_Stocks_Database INFO     Updating Intrinsic Value...

2019-08-29 07:56 ASI.Manage_Stocks_Database INFO     Starting Stock Evaluations...
2019-08-29 07:56 ASI.Manage_Stocks_Database INFO     Industry #1 out of 9
2019-08-29 07:56 ASI.Manage_Stocks_Database INFO     Stock #24 out of 37
2019-08-29 07:56 ASI.Manage_Stocks_Database INFO     Symbol : SITC
2019-08-29 07:56 ASI.Manage_Stocks_Database INFO     Evaluating SITE Centers Corp...
2019-08-29 07:56 ASI.Manage_Stocks_Database INFO     SITE Centers Corp is a Real Estate stock

2019-08-29 07:56 ASI.Manage_Stocks_Database INFO     Updating Revenue Growth...
2019-08-29 07:56 ASI.Manage_Stocks_Database INFO     Updating Stock Rating...
2019-08-29 07:56 ASI.Manage_Stocks_Database INFO     Reading Summary Data...
2019-08-29 07:56 ASI.Manage_Stocks_Database INFO     Calculating TTM Revenue...
2019-08-29 07:56 ASI.Manage_Stocks_Database INFO     Updating Intrinsic Value...

2019-08-29 07:56 ASI.Manage_Stocks_Database INFO     Starting Stock Evaluations...
2019-08-29 07:56 ASI.Manage_Stocks_Database INFO     Industry #1 out of 9
2019-08-29 07:56 ASI.Manage_Stocks_Database INFO     Stock #25 out of 37
2019-08-29 07:56 ASI.Manage_Stocks_Database INFO     Symbol : SKT
2019-08-29 07:56 ASI.Manage_Stocks_Database INFO     Evaluating Tanger Factory Outlet Centers Inc...
2019-08-29 07:56 ASI.Manage_Stocks_Database INFO     Tanger Factory Outlet Centers Inc is a Real Estate stock

2019-08-29 07:56 ASI.Manage_Stocks_Database INFO     Updating Revenue Growth...
2019-08-29 07:56 ASI.Manage_Stocks_Database INFO     Updating Stock Rating...
2019-08-29 07:56 ASI.Manage_Stocks_Database INFO     Reading Summary Data...
2019-08-29 07:56 ASI.Manage_Stocks_Database INFO     Calculating TTM Revenue...
2019-08-29 07:56 ASI.Manage_Stocks_Database INFO     Updating Intrinsic Value...

2019-08-29 07:56 ASI.Manage_Stocks_Database INFO     Starting Stock Evaluations...
2019-08-29 07:56 ASI.Manage_Stocks_Database INFO     Industry #1 out of 9
2019-08-29 07:56 ASI.Manage_Stocks_Database INFO     Stock #26 out of 37
2019-08-29 07:56 ASI.Manage_Stocks_Database INFO     Symbol : SPG
2019-08-29 07:56 ASI.Manage_Stocks_Database INFO     Evaluating Simon Property Group Inc...
2019-08-29 07:56 ASI.Manage_Stocks_Database INFO     Simon Property Group Inc is a Real Estate stock

2019-08-29 07:56 ASI.Manage_Stocks_Database INFO     Updating Revenue Growth...
2019-08-29 07:56 ASI.Manage_Stocks_Database INFO     Updating Stock Rating...
2019-08-29 07:56 ASI.Manage_Stocks_Database INFO     Reading Summary Data...
2019-08-29 07:56 ASI.Manage_Stocks_Database INFO     Calculating TTM Revenue...
2019-08-29 07:57 ASI.Manage_Stocks_Database INFO     Updating Intrinsic Value...

2019-08-29 07:57 ASI.Manage_Stocks_Database INFO     Starting Stock Evaluations...
2019-08-29 07:57 ASI.Manage_Stocks_Database INFO     Industry #1 out of 9
2019-08-29 07:57 ASI.Manage_Stocks_Database INFO     Stock #27 out of 37
2019-08-29 07:57 ASI.Manage_Stocks_Database INFO     Symbol : SRG
2019-08-29 07:57 ASI.Manage_Stocks_Database INFO     Evaluating Seritage Growth Properties...
2019-08-29 07:57 ASI.Manage_Stocks_Database INFO     Seritage Growth Properties is a Real Estate stock

2019-08-29 07:57 ASI.Manage_Stocks_Database INFO     Updating Revenue Growth...
2019-08-29 07:57 ASI.Manage_Stocks_Database INFO     Updating Stock Rating...
2019-08-29 07:57 ASI.Manage_Stocks_Database INFO     Reading Summary Data...
2019-08-29 07:57 ASI.Manage_Stocks_Database INFO     Calculating TTM Revenue...
2019-08-29 07:57 ASI.Manage_Stocks_Database INFO     Updating Intrinsic Value...

2019-08-29 07:57 ASI.Manage_Stocks_Database INFO     Starting Stock Evaluations...
2019-08-29 07:57 ASI.Manage_Stocks_Database INFO     Industry #1 out of 9
2019-08-29 07:57 ASI.Manage_Stocks_Database INFO     Stock #28 out of 37
2019-08-29 07:57 ASI.Manage_Stocks_Database INFO     Symbol : TCO
2019-08-29 07:57 ASI.Manage_Stocks_Database INFO     Evaluating Taubman Centers Inc...
2019-08-29 07:57 ASI.Manage_Stocks_Database INFO     Taubman Centers Inc is a Real Estate stock

2019-08-29 07:57 ASI.Manage_Stocks_Database INFO     Updating Revenue Growth...
2019-08-29 07:57 ASI.Manage_Stocks_Database INFO     Updating Stock Rating...
2019-08-29 07:57 ASI.Manage_Stocks_Database INFO     Reading Summary Data...
2019-08-29 07:57 ASI.Manage_Stocks_Database INFO     Calculating TTM Revenue...
2019-08-29 07:57 ASI.Manage_Stocks_Database INFO     Updating Intrinsic Value...

2019-08-29 07:57 ASI.Manage_Stocks_Database INFO     Starting Stock Evaluations...
2019-08-29 07:57 ASI.Manage_Stocks_Database INFO     Industry #1 out of 9
2019-08-29 07:57 ASI.Manage_Stocks_Database INFO     Stock #29 out of 37
2019-08-29 07:57 ASI.Manage_Stocks_Database INFO     Symbol : UBA
2019-08-29 07:57 ASI.Manage_Stocks_Database INFO     Evaluating Urstadt Biddle Properties Inc...
2019-08-29 07:57 ASI.Manage_Stocks_Database INFO     Urstadt Biddle Properties Inc is a Real Estate stock

2019-08-29 07:57 ASI.Manage_Stocks_Database INFO     Updating Revenue Growth...
2019-08-29 07:57 ASI.Manage_Stocks_Database INFO     Updating Stock Rating...
2019-08-29 07:57 ASI.Manage_Stocks_Database INFO     Reading Summary Data...
2019-08-29 07:57 ASI.Manage_Stocks_Database INFO     Calculating TTM Revenue...
2019-08-29 07:58 ASI.Manage_Stocks_Database INFO     Updating Intrinsic Value...

2019-08-29 07:58 ASI.Manage_Stocks_Database INFO     Starting Stock Evaluations...
2019-08-29 07:58 ASI.Manage_Stocks_Database INFO     Industry #1 out of 9
2019-08-29 07:58 ASI.Manage_Stocks_Database INFO     Stock #30 out of 37
2019-08-29 07:58 ASI.Manage_Stocks_Database INFO     Symbol : WHLR
2019-08-29 07:58 ASI.Manage_Stocks_Database INFO     Evaluating Wheeler Real Estate Investment Trust Inc...
2019-08-29 07:58 ASI.Manage_Stocks_Database INFO     Wheeler Real Estate Investment Trust Inc is a Real Estate stock

2019-08-29 07:58 ASI.Manage_Stocks_Database INFO     Updating Revenue Growth...
2019-08-29 07:58 ASI.Manage_Stocks_Database INFO     Updating Stock Rating...
2019-08-29 07:58 ASI.Manage_Stocks_Database INFO     Reading Summary Data...
2019-08-29 07:58 ASI.Manage_Stocks_Database INFO     Calculating TTM Revenue...
2019-08-29 07:58 ASI.Manage_Stocks_Database INFO     Updating Intrinsic Value...

2019-08-29 07:58 ASI.Manage_Stocks_Database INFO     Starting Stock Evaluations...
2019-08-29 07:58 ASI.Manage_Stocks_Database INFO     Industry #1 out of 9
2019-08-29 07:58 ASI.Manage_Stocks_Database INFO     Stock #31 out of 37
2019-08-29 07:58 ASI.Manage_Stocks_Database INFO     Symbol : WPG
2019-08-29 07:58 ASI.Manage_Stocks_Database INFO     Evaluating Washington Prime Group Inc...
2019-08-29 07:58 ASI.Manage_Stocks_Database INFO     Washington Prime Group Inc is a Real Estate stock

2019-08-29 07:58 ASI.Manage_Stocks_Database INFO     Updating Revenue Growth...
2019-08-29 07:58 ASI.Manage_Stocks_Database INFO     Updating Stock Rating...
2019-08-29 07:58 ASI.Manage_Stocks_Database INFO     Reading Summary Data...
2019-08-29 07:58 ASI.Manage_Stocks_Database INFO     Calculating TTM Revenue...
2019-08-29 07:58 ASI.Manage_Stocks_Database INFO     Updating Intrinsic Value...

2019-08-29 07:58 ASI.Manage_Stocks_Database INFO     Starting Stock Evaluations...
2019-08-29 07:58 ASI.Manage_Stocks_Database INFO     Industry #1 out of 9
2019-08-29 07:58 ASI.Manage_Stocks_Database INFO     Stock #32 out of 37
2019-08-29 07:58 ASI.Manage_Stocks_Database INFO     Symbol : WRI
2019-08-29 07:58 ASI.Manage_Stocks_Database INFO     Evaluating Weingarten Realty Investors...
2019-08-29 07:58 ASI.Manage_Stocks_Database INFO     Weingarten Realty Investors is a Real Estate stock

2019-08-29 07:58 ASI.Manage_Stocks_Database INFO     Updating Revenue Growth...
2019-08-29 07:58 ASI.Manage_Stocks_Database INFO     Updating Stock Rating...
2019-08-29 07:58 ASI.Manage_Stocks_Database INFO     Reading Summary Data...
2019-08-29 07:58 ASI.Manage_Stocks_Database INFO     Calculating TTM Revenue...
2019-08-29 07:58 ASI.Manage_Stocks_Database INFO     Updating Intrinsic Value...

2019-08-29 07:58 ASI.Manage_Stocks_Database INFO     Starting Stock Evaluations...
2019-08-29 07:58 ASI.Manage_Stocks_Database INFO     Industry #1 out of 9
2019-08-29 07:58 ASI.Manage_Stocks_Database INFO     Stock #33 out of 37
2019-08-29 07:58 ASI.Manage_Stocks_Database INFO     Symbol : WSR
2019-08-29 07:58 ASI.Manage_Stocks_Database INFO     Evaluating Whitestone REIT...
2019-08-29 07:58 ASI.Manage_Stocks_Database INFO     Whitestone REIT is a Real Estate stock

2019-08-29 07:58 ASI.Manage_Stocks_Database INFO     Updating Revenue Growth...
2019-08-29 07:58 ASI.Manage_Stocks_Database INFO     Updating Stock Rating...
2019-08-29 07:58 ASI.Manage_Stocks_Database INFO     Reading Summary Data...
2019-08-29 07:58 ASI.Manage_Stocks_Database INFO     Calculating TTM Revenue...
2019-08-29 07:58 ASI.Manage_Stocks_Database INFO     Updating Intrinsic Value...

2019-08-29 07:58 ASI.Manage_Stocks_Database INFO     Starting Stock Evaluations...
2019-08-29 07:58 ASI.Manage_Stocks_Database INFO     Industry #1 out of 9
2019-08-29 07:58 ASI.Manage_Stocks_Database INFO     Stock #34 out of 37
2019-08-29 07:58 ASI.Manage_Stocks_Database INFO     Symbol : BPRAP
2019-08-29 07:58 ASI.Manage_Stocks_Database INFO     Evaluating Brookfield Property REIT Inc...
2019-08-29 07:58 ASI.Manage_Stocks_Database INFO     Brookfield Property REIT Inc is a Real Estate stock

2019-08-29 07:58 ASI.Manage_Stocks_Database INFO     Updating Revenue Growth...
2019-08-29 07:58 ASI.Manage_Stocks_Database INFO     Updating Stock Rating...
2019-08-29 07:58 ASI.Manage_Stocks_Database INFO     Reading Summary Data...
2019-08-29 07:58 ASI.Manage_Stocks_Database INFO     Calculating TTM Revenue...
2019-08-29 07:58 ASI.Manage_Stocks_Database WARNING  Insufficent Data to Calculate Stock Performance!
2019-08-29 07:58 ASI.Manage_Stocks_Database WARNING  Maximum Years : 1

2019-08-29 07:58 ASI.Manage_Stocks_Database INFO     Updating Intrinsic Value...

2019-08-29 07:58 ASI.Manage_Stocks_Database ERROR    Traceback (most recent call last):
  File "C:\Users\Julian\Documents\BackupDrive\Personal\Life_Work\ASI\StockMarket\stock_evaluator_yahooFinance.py", line 1281, in update_intrinsic_value
    if float(AGR) != 0.00:
TypeError: float() argument must be a string or a number, not 'NoneType'

2019-08-29 07:58 ASI.Manage_Stocks_Database WARNING  Insufficent Data to Calculate Stock Performance!
2019-08-29 07:58 ASI.Manage_Stocks_Database WARNING  Maximum Years : 1

2019-08-29 07:58 ASI.Manage_Stocks_Database INFO     Starting Stock Evaluations...
2019-08-29 07:58 ASI.Manage_Stocks_Database INFO     Industry #1 out of 9
2019-08-29 07:58 ASI.Manage_Stocks_Database INFO     Stock #35 out of 37
2019-08-29 07:58 ASI.Manage_Stocks_Database INFO     Symbol : UBP
2019-08-29 07:59 ASI.Manage_Stocks_Database INFO     Evaluating Urstadt Biddle Properties Inc...
2019-08-29 07:59 ASI.Manage_Stocks_Database INFO     Urstadt Biddle Properties Inc is a Real Estate stock

2019-08-29 07:59 ASI.Manage_Stocks_Database INFO     Updating Revenue Growth...
2019-08-29 07:59 ASI.Manage_Stocks_Database INFO     Updating Stock Rating...
2019-08-29 07:59 ASI.Manage_Stocks_Database INFO     Reading Summary Data...
2019-08-29 07:59 ASI.Manage_Stocks_Database INFO     Calculating TTM Revenue...
2019-08-29 07:59 ASI.Manage_Stocks_Database INFO     Updating Intrinsic Value...

2019-08-29 07:59 ASI.Manage_Stocks_Database INFO     Starting Stock Evaluations...
2019-08-29 07:59 ASI.Manage_Stocks_Database INFO     Industry #1 out of 9
2019-08-29 07:59 ASI.Manage_Stocks_Database INFO     Stock #36 out of 37
2019-08-29 07:59 ASI.Manage_Stocks_Database INFO     Symbol : WHLRD
2019-08-29 07:59 ASI.Manage_Stocks_Database INFO     Evaluating Wheeler Real Estate Investment Trust Inc...
2019-08-29 07:59 ASI.Manage_Stocks_Database INFO     Wheeler Real Estate Investment Trust Inc is a Real Estate stock

2019-08-29 07:59 ASI.Manage_Stocks_Database INFO     Updating Revenue Growth...
2019-08-29 07:59 ASI.Manage_Stocks_Database INFO     Updating Stock Rating...
2019-08-29 07:59 ASI.Manage_Stocks_Database INFO     Reading Summary Data...
2019-08-29 07:59 ASI.Manage_Stocks_Database INFO     Calculating TTM Revenue...
2019-08-29 07:59 ASI.Manage_Stocks_Database WARNING  Insufficent Data to Calculate Stock Performance!
2019-08-29 07:59 ASI.Manage_Stocks_Database WARNING  Maximum Years : 3

2019-08-29 07:59 ASI.Manage_Stocks_Database INFO     Updating Intrinsic Value...

2019-08-29 07:59 ASI.Manage_Stocks_Database ERROR    Traceback (most recent call last):
  File "C:\Users\Julian\Documents\BackupDrive\Personal\Life_Work\ASI\StockMarket\stock_evaluator_yahooFinance.py", line 1281, in update_intrinsic_value
    if float(AGR) != 0.00:
TypeError: float() argument must be a string or a number, not 'NoneType'

2019-08-29 07:59 ASI.Manage_Stocks_Database WARNING  Insufficent Data to Calculate Stock Performance!
2019-08-29 07:59 ASI.Manage_Stocks_Database WARNING  Maximum Years : 3

2019-08-29 07:59 ASI.Manage_Stocks_Database INFO     Starting Stock Evaluations...
2019-08-29 07:59 ASI.Manage_Stocks_Database INFO     Industry #1 out of 9
2019-08-29 07:59 ASI.Manage_Stocks_Database INFO     Stock #37 out of 37
2019-08-29 07:59 ASI.Manage_Stocks_Database INFO     Symbol : WHLRP
2019-08-29 07:59 ASI.Manage_Stocks_Database INFO     Evaluating Wheeler Real Estate Investment Trust Inc...
2019-08-29 07:59 ASI.Manage_Stocks_Database INFO     Wheeler Real Estate Investment Trust Inc is a Real Estate stock

2019-08-29 07:59 ASI.Manage_Stocks_Database INFO     Updating Revenue Growth...
2019-08-29 07:59 ASI.Manage_Stocks_Database INFO     Updating Stock Rating...
2019-08-29 07:59 ASI.Manage_Stocks_Database INFO     Reading Summary Data...
2019-08-29 07:59 ASI.Manage_Stocks_Database INFO     Calculating TTM Revenue...
2019-08-29 07:59 ASI.Manage_Stocks_Database INFO     Updating Intrinsic Value...

2019-08-29 07:59 ASI.Manage_Stocks_Database INFO     Updating Universe...

2019-08-29 08:00 ASI.Manage_Stocks_Database INFO     Sorting Trading Universe...

2019-08-29 08:00 ASI.Manage_Stocks_Database INFO     Updating Universe...

2019-08-29 08:00 ASI.Manage_Stocks_Database INFO     Sorting Trading Universe...

2019-08-29 08:00 ASI.Manage_Stocks_Database INFO     Starting Stock Evaluations...
2019-08-29 08:00 ASI.Manage_Stocks_Database INFO     Industry #2 out of 9
2019-08-29 08:00 ASI.Manage_Stocks_Database INFO     Stock #1 out of 79
2019-08-29 08:00 ASI.Manage_Stocks_Database INFO     Symbol : ABCP
2019-08-29 08:00 ASI.Manage_Stocks_Database INFO     Evaluating Ambase Corp...
2019-08-29 08:00 ASI.Manage_Stocks_Database INFO     Ambase Corp is a Real Estate stock

2019-08-29 08:00 ASI.Manage_Stocks_Database INFO     Updating Revenue Growth...
2019-08-29 08:00 ASI.Manage_Stocks_Database INFO     Updating Stock Rating...
2019-08-29 08:00 ASI.Manage_Stocks_Database INFO     Reading Summary Data...
2019-08-29 08:00 ASI.Manage_Stocks_Database INFO     Calculating TTM Revenue...
2019-08-29 08:00 ASI.Manage_Stocks_Database INFO     Updating Intrinsic Value...

2019-08-29 08:00 ASI.Manage_Stocks_Database INFO     Starting Stock Evaluations...
2019-08-29 08:00 ASI.Manage_Stocks_Database INFO     Industry #2 out of 9
2019-08-29 08:00 ASI.Manage_Stocks_Database INFO     Stock #2 out of 79
2019-08-29 08:00 ASI.Manage_Stocks_Database INFO     Symbol : ABR
2019-08-29 08:00 ASI.Manage_Stocks_Database INFO     Evaluating Arbor Realty Trust Inc...
2019-08-29 08:00 ASI.Manage_Stocks_Database INFO     Arbor Realty Trust Inc is a Real Estate stock

2019-08-29 08:00 ASI.Manage_Stocks_Database INFO     Updating Revenue Growth...
2019-08-29 08:00 ASI.Manage_Stocks_Database INFO     Updating Stock Rating...
2019-08-29 08:00 ASI.Manage_Stocks_Database INFO     Reading Summary Data...
2019-08-29 08:00 ASI.Manage_Stocks_Database INFO     Calculating TTM Revenue...
2019-08-29 08:00 ASI.Manage_Stocks_Database INFO     Updating Intrinsic Value...

2019-08-29 08:00 ASI.Manage_Stocks_Database INFO     Starting Stock Evaluations...
2019-08-29 08:00 ASI.Manage_Stocks_Database INFO     Industry #2 out of 9
2019-08-29 08:00 ASI.Manage_Stocks_Database INFO     Stock #3 out of 79
2019-08-29 08:00 ASI.Manage_Stocks_Database INFO     Symbol : ACRE
2019-08-29 08:00 ASI.Manage_Stocks_Database INFO     Evaluating Ares Commercial Real Estate Corp...
2019-08-29 08:00 ASI.Manage_Stocks_Database INFO     Ares Commercial Real Estate Corp is a Real Estate stock

2019-08-29 08:00 ASI.Manage_Stocks_Database INFO     Updating Revenue Growth...
2019-08-29 08:00 ASI.Manage_Stocks_Database INFO     Updating Stock Rating...
2019-08-29 08:00 ASI.Manage_Stocks_Database INFO     Reading Summary Data...
2019-08-29 08:00 ASI.Manage_Stocks_Database INFO     Calculating TTM Revenue...
2019-08-29 08:01 ASI.Manage_Stocks_Database INFO     Updating Intrinsic Value...

2019-08-29 08:01 ASI.Manage_Stocks_Database INFO     Starting Stock Evaluations...
2019-08-29 08:01 ASI.Manage_Stocks_Database INFO     Industry #2 out of 9
2019-08-29 08:01 ASI.Manage_Stocks_Database INFO     Stock #4 out of 79
2019-08-29 08:01 ASI.Manage_Stocks_Database INFO     Symbol : AFIN
2019-08-29 08:01 ASI.Manage_Stocks_Database INFO     Evaluating American Finance Trust Inc...
2019-08-29 08:01 ASI.Manage_Stocks_Database INFO     American Finance Trust Inc is a Real Estate stock

2019-08-29 08:02 ASI.Main Thread WARNING  Manual Override! ASI shutting down...
2019-08-29 08:02 ASI.Manage_Stocks_Database INFO     Saving stock database state...