2019-09-02 02:28 ASI.Main Thread INFO     Current Time : 2019-09-02 02:28:48
2019-09-02 02:28 ASI.Main Thread INFO     System Stop Time : 2020-09-01 02:28:48
2019-09-02 02:28 ASI.Main Thread INFO     Artificial Superintelligence is active...

2019-09-02 02:29 ASI.Manage_Stocks_Portfolio INFO     3 out of 11 sectors are negative!
2019-09-02 02:29 ASI.Manage_Stocks_Portfolio INFO     Building Portfolio...

2019-09-02 02:29 ASI.Manage_Stocks_Portfolio INFO     Updating Sector Funds...

2019-09-02 02:29 ASI.Manage_Stocks_Portfolio INFO     <<Account Info>>
2019-09-02 02:29 ASI.Manage_Stocks_Portfolio INFO     Margin Used : -9854.64
2019-09-02 02:29 ASI.Manage_Stocks_Portfolio INFO     Dividend Stocks Buying Power : 14340.569536000005
2019-09-02 02:29 ASI.Manage_Stocks_Portfolio INFO     Growth Stocks Buying Power : 21510.854304000004

2019-09-02 02:29 ASI.Manage_Stocks_Portfolio INFO     Evaluating FB Position...

2019-09-02 02:29 ASI.Manage_Stocks_Portfolio WARNING  FB is Not in Trading Universe! Please add symbol to 'General' trading list!
2019-09-02 02:29 ASI.Manage_Stocks_Portfolio INFO     <<Price>> : 185.21
2019-09-02 02:29 ASI.Manage_Stocks_Portfolio INFO     <<RSI>> : 65.2
2019-09-02 02:29 ASI.Manage_Stocks_Portfolio INFO     <<SAR>> : 180.88
2019-09-02 02:29 ASI.Manage_Stocks_Portfolio INFO     FB Evaluation Complete!

2019-09-02 02:29 ASI.Manage_Stocks_Portfolio INFO     Evaluating AMZN Position...

2019-09-02 02:29 ASI.Manage_Stocks_Portfolio INFO     <<Price>> : 1775.95
2019-09-02 02:29 ASI.Manage_Stocks_Portfolio INFO     <<RSI>> : 51.25
2019-09-02 02:29 ASI.Manage_Stocks_Portfolio INFO     <<SAR>> : 1755.1
2019-09-02 02:29 ASI.Manage_Stocks_Portfolio INFO     AMZN Evaluation Complete!

2019-09-02 02:29 ASI.Manage_Stocks_Portfolio INFO     Evaluating PBBI Position...

2019-09-02 02:29 ASI.Manage_Stocks_Portfolio INFO     <<Price>> : 11.42
2019-09-02 02:29 ASI.Manage_Stocks_Portfolio INFO     <<RSI>> : 43.67
2019-09-02 02:29 ASI.Manage_Stocks_Portfolio INFO     <<SAR>> : 11.42
2019-09-02 02:29 ASI.Manage_Stocks_Portfolio INFO     PBBI Evaluation Complete!

2019-09-02 02:29 ASI.Manage_Stocks_Portfolio INFO     Evaluating CPRT Position...

2019-09-02 02:29 ASI.Manage_Stocks_Portfolio INFO     <<Price>> : 75.39
2019-09-02 02:29 ASI.Manage_Stocks_Portfolio INFO     <<RSI>> : 53.87
2019-09-02 02:29 ASI.Manage_Stocks_Portfolio INFO     <<SAR>> : 74.45
2019-09-02 02:29 ASI.Manage_Stocks_Portfolio INFO     CPRT Evaluation Complete!

2019-09-02 02:29 ASI.Manage_Stocks_Portfolio INFO     Evaluating USNA Position...

2019-09-02 02:29 ASI.Manage_Stocks_Portfolio WARNING  USNA is Not in Trading Universe! Please add symbol to 'General' trading list!
2019-09-02 02:29 ASI.Manage_Stocks_Portfolio INFO     <<Price>> : 67.97
2019-09-02 02:29 ASI.Manage_Stocks_Portfolio INFO     <<RSI>> : 65.42
2019-09-02 02:29 ASI.Manage_Stocks_Portfolio INFO     <<SAR>> : 65.86
2019-09-02 02:29 ASI.Manage_Stocks_Portfolio INFO     USNA Evaluation Complete!

2019-09-02 02:29 ASI.Manage_Stocks_Portfolio INFO     Evaluating FIZZ Position...

2019-09-02 02:29 ASI.Manage_Stocks_Portfolio INFO     <<Price>> : 40.9
2019-09-02 02:29 ASI.Manage_Stocks_Portfolio INFO     <<RSI>> : 51.62
2019-09-02 02:29 ASI.Manage_Stocks_Portfolio INFO     <<SAR>> : 40.04
2019-09-02 02:29 ASI.Manage_Stocks_Portfolio INFO     FIZZ Evaluation Complete!

2019-09-02 02:29 ASI.Manage_Stocks_Portfolio INFO     Evaluating MNST Position...

2019-09-02 02:29 ASI.Manage_Stocks_Portfolio INFO     <<Price>> : 58.67
2019-09-02 02:29 ASI.Manage_Stocks_Portfolio INFO     <<RSI>> : 62.55
2019-09-02 02:29 ASI.Manage_Stocks_Portfolio INFO     <<SAR>> : 57.47
2019-09-02 02:29 ASI.Manage_Stocks_Portfolio INFO     MNST Evaluation Complete!

2019-09-02 02:29 ASI.Manage_Stocks_Portfolio INFO     Evaluating ULTA Position...

2019-09-02 02:29 ASI.Manage_Stocks_Portfolio WARNING  ULTA is in a temporary downtrend!
2019-09-02 02:29 ASI.Manage_Stocks_Portfolio INFO     <<Price>> : 235.7
2019-09-02 02:29 ASI.Manage_Stocks_Portfolio INFO     <<RSI>> : 11.39
2019-09-02 02:29 ASI.Manage_Stocks_Portfolio INFO     <<SAR>> : 323.8
2019-09-02 02:29 ASI.Manage_Stocks_Portfolio INFO     ULTA Evaluation Complete!

2019-09-02 02:29 ASI.Manage_Stocks_Portfolio INFO     Evaluating ANET Position...

2019-09-02 02:29 ASI.Manage_Stocks_Portfolio INFO     <<Price>> : 226.0
2019-09-02 02:29 ASI.Manage_Stocks_Portfolio INFO     <<RSI>> : 55.07
2019-09-02 02:29 ASI.Manage_Stocks_Portfolio INFO     <<SAR>> : 223.83
2019-09-02 02:29 ASI.Manage_Stocks_Portfolio INFO     ANET Evaluation Complete!

2019-09-02 02:29 ASI.Manage_Stocks_Portfolio INFO     Evaluating SNX Position...

2019-09-02 02:29 ASI.Manage_Stocks_Portfolio WARNING  SNX is Not in Trading Universe! Please add symbol to 'General' trading list!
2019-09-02 02:29 ASI.Manage_Stocks_Portfolio INFO     <<Price>> : 83.81
2019-09-02 02:29 ASI.Manage_Stocks_Portfolio INFO     <<RSI>> : 55.05
2019-09-02 02:29 ASI.Manage_Stocks_Portfolio INFO     <<SAR>> : 80.89
2019-09-02 02:29 ASI.Manage_Stocks_Portfolio INFO     SNX Evaluation Complete!

2019-09-02 02:29 ASI.Manage_Stocks_Portfolio INFO     Evaluating LMAT Position...

2019-09-02 02:29 ASI.Manage_Stocks_Portfolio INFO     <<Price>> : 31.66
2019-09-02 02:29 ASI.Manage_Stocks_Portfolio INFO     <<RSI>> : 49.1
2019-09-02 02:29 ASI.Manage_Stocks_Portfolio INFO     <<SAR>> : 31.34
2019-09-02 02:29 ASI.Manage_Stocks_Portfolio INFO     LMAT Evaluation Complete!

2019-09-02 02:29 ASI.Manage_Stocks_Portfolio INFO     Evaluating NSP Position...

2019-09-02 02:29 ASI.Manage_Stocks_Portfolio INFO     <<Price>> : 99.06
2019-09-02 02:29 ASI.Manage_Stocks_Portfolio INFO     <<RSI>> : 60.1
2019-09-02 02:29 ASI.Manage_Stocks_Portfolio INFO     <<SAR>> : 95.75
2019-09-02 02:29 ASI.Manage_Stocks_Portfolio INFO     NSP Evaluation Complete!

2019-09-02 02:29 ASI.Manage_Stocks_Portfolio INFO     Evaluating EPAM Position...

2019-09-02 02:29 ASI.Manage_Stocks_Portfolio INFO     <<Price>> : 191.33
2019-09-02 02:29 ASI.Manage_Stocks_Portfolio INFO     <<RSI>> : 53.74
2019-09-02 02:29 ASI.Manage_Stocks_Portfolio INFO     <<SAR>> : 189.9
2019-09-02 02:29 ASI.Manage_Stocks_Portfolio INFO     EPAM Evaluation Complete!

2019-09-02 02:29 ASI.Manage_Stocks_Portfolio INFO     Evaluating LHCG Position...

2019-09-02 02:29 ASI.Manage_Stocks_Portfolio WARNING  LHCG is in a temporary downtrend!
2019-09-02 02:29 ASI.Manage_Stocks_Portfolio INFO     <<Price>> : 118.5
2019-09-02 02:29 ASI.Manage_Stocks_Portfolio INFO     <<RSI>> : 37.95
2019-09-02 02:29 ASI.Manage_Stocks_Portfolio INFO     <<SAR>> : 121.59
2019-09-02 02:29 ASI.Manage_Stocks_Portfolio INFO     LHCG Evaluation Complete!

2019-09-02 02:29 ASI.Manage_Stocks_Portfolio INFO     Evaluating CSFL Position...

2019-09-02 02:29 ASI.Manage_Stocks_Portfolio WARNING  CSFL is Not in Trading Universe! Please add symbol to 'General' trading list!
2019-09-02 02:29 ASI.Manage_Stocks_Portfolio WARNING  CSFL is in a downtrend and trading bellow average cost!
2019-09-02 02:29 ASI.Manage_Stocks_Portfolio INFO     <<Price>> : 22.62
2019-09-02 02:29 ASI.Manage_Stocks_Portfolio INFO     <<RSI>> : 46.66
2019-09-02 02:29 ASI.Manage_Stocks_Portfolio INFO     <<SAR>> : 23.0
2019-09-02 02:29 ASI.Manage_Stocks_Portfolio INFO     CSFL Evaluation Complete!

2019-09-02 02:29 ASI.Manage_Stocks_Portfolio INFO     Evaluating YETI Position...

2019-09-02 02:29 ASI.Manage_Stocks_Portfolio WARNING  YETI is Not in Trading Universe! Please add symbol to 'General' trading list!
2019-09-02 02:29 ASI.Manage_Stocks_Portfolio INFO     <<Price>> : 28.25
2019-09-02 02:29 ASI.Manage_Stocks_Portfolio INFO     <<RSI>> : 63.95
2019-09-02 02:29 ASI.Manage_Stocks_Portfolio INFO     <<SAR>> : 27.51
2019-09-02 02:29 ASI.Manage_Stocks_Portfolio INFO     YETI Evaluation Complete!

2019-09-02 02:29 ASI.Manage_Stocks_Portfolio INFO     Evaluating SMTC Position...

2019-09-02 02:29 ASI.Manage_Stocks_Portfolio WARNING  SMTC is in a temporary downtrend!
2019-09-02 02:29 ASI.Manage_Stocks_Portfolio INFO     <<Price>> : 41.97
2019-09-02 02:29 ASI.Manage_Stocks_Portfolio INFO     <<RSI>> : 38.51
2019-09-02 02:29 ASI.Manage_Stocks_Portfolio INFO     <<SAR>> : 44.49
2019-09-02 02:29 ASI.Manage_Stocks_Portfolio INFO     SMTC Evaluation Complete!

2019-09-02 02:29 ASI.Manage_Stocks_Portfolio INFO     Evaluating NCBS Position...

2019-09-02 02:29 ASI.Manage_Stocks_Portfolio WARNING  NCBS is Not in Trading Universe! Please add symbol to 'General' trading list!
2019-09-02 02:29 ASI.Manage_Stocks_Portfolio WARNING  NCBS is in a downtrend and trading bellow average cost!
2019-09-02 02:29 ASI.Manage_Stocks_Portfolio INFO     <<Price>> : 63.38
2019-09-02 02:29 ASI.Manage_Stocks_Portfolio INFO     <<RSI>> : 48.75
2019-09-02 02:29 ASI.Manage_Stocks_Portfolio INFO     <<SAR>> : 64.92
2019-09-02 02:29 ASI.Manage_Stocks_Portfolio INFO     NCBS Evaluation Complete!

2019-09-02 02:29 ASI.Manage_Stocks_Portfolio INFO     Evaluating TXN Position...

2019-09-02 02:29 ASI.Manage_Stocks_Portfolio INFO     <<Price>> : 123.5
2019-09-02 02:29 ASI.Manage_Stocks_Portfolio INFO     <<RSI>> : 53.51
2019-09-02 02:29 ASI.Manage_Stocks_Portfolio INFO     <<SAR>> : 122.41
2019-09-02 02:29 ASI.Manage_Stocks_Portfolio INFO     TXN Evaluation Complete!

2019-09-02 02:29 ASI.Manage_Stocks_Portfolio INFO     Evaluating DMLP Position...

2019-09-02 02:29 ASI.Manage_Stocks_Portfolio INFO     <<Price>> : 17.95
2019-09-02 02:29 ASI.Manage_Stocks_Portfolio INFO     <<RSI>> : 63.71
2019-09-02 02:29 ASI.Manage_Stocks_Portfolio INFO     <<SAR>> : 17.34
2019-09-02 02:29 ASI.Manage_Stocks_Portfolio INFO     DMLP Evaluation Complete!

2019-09-02 02:29 ASI.Manage_Stocks_Portfolio INFO     Evaluating JOBS Position...

2019-09-02 02:29 ASI.Manage_Stocks_Portfolio INFO     <<Price>> : 71.93
2019-09-02 02:29 ASI.Manage_Stocks_Portfolio INFO     <<RSI>> : 78.53
2019-09-02 02:29 ASI.Manage_Stocks_Portfolio INFO     <<SAR>> : 67.53
2019-09-02 02:29 ASI.Manage_Stocks_Portfolio INFO     JOBS Evaluation Complete!

2019-09-02 02:29 ASI.Manage_Stocks_Portfolio INFO     Evaluating ADC Position...

2019-09-02 02:29 ASI.Manage_Stocks_Portfolio INFO     <<Price>> : 74.69
2019-09-02 02:29 ASI.Manage_Stocks_Portfolio INFO     <<RSI>> : 66.0
2019-09-02 02:29 ASI.Manage_Stocks_Portfolio INFO     <<SAR>> : 74.33
2019-09-02 02:29 ASI.Manage_Stocks_Portfolio INFO     ADC Evaluation Complete!

2019-09-02 02:29 ASI.Manage_Stocks_Portfolio INFO     Evaluating NOVT Position...

2019-09-02 02:29 ASI.Manage_Stocks_Portfolio INFO     <<Price>> : 75.0
2019-09-02 02:29 ASI.Manage_Stocks_Portfolio INFO     <<RSI>> : 62.92
2019-09-02 02:29 ASI.Manage_Stocks_Portfolio INFO     <<SAR>> : 72.75
2019-09-02 02:29 ASI.Manage_Stocks_Portfolio INFO     NOVT Evaluation Complete!

2019-09-02 02:29 ASI.Manage_Stocks_Portfolio INFO     Evaluating TRMB Position...

2019-09-02 02:29 ASI.Manage_Stocks_Portfolio WARNING  TRMB is Not in Trading Universe! Please add symbol to 'General' trading list!
2019-09-02 02:29 ASI.Manage_Stocks_Portfolio INFO     <<Price>> : 37.52
2019-09-02 02:29 ASI.Manage_Stocks_Portfolio INFO     <<RSI>> : 59.66
2019-09-02 02:29 ASI.Manage_Stocks_Portfolio INFO     <<SAR>> : 37.03
2019-09-02 02:29 ASI.Manage_Stocks_Portfolio INFO     TRMB Evaluation Complete!

2019-09-02 02:29 ASI.Manage_Stocks_Portfolio INFO     Evaluating STAG Position...

2019-09-02 02:29 ASI.Manage_Stocks_Portfolio INFO     <<Price>> : 29.08
2019-09-02 02:29 ASI.Manage_Stocks_Portfolio INFO     <<RSI>> : 58.5
2019-09-02 02:29 ASI.Manage_Stocks_Portfolio INFO     <<SAR>> : 28.86
2019-09-02 02:29 ASI.Manage_Stocks_Portfolio INFO     STAG Evaluation Complete!

2019-09-02 02:29 ASI.Manage_Stocks_Portfolio INFO     Evaluating HQY Position...

2019-09-02 02:29 ASI.Manage_Stocks_Portfolio INFO     <<Price>> : 59.36
2019-09-02 02:29 ASI.Manage_Stocks_Portfolio INFO     <<RSI>> : 54.0
2019-09-02 02:29 ASI.Manage_Stocks_Portfolio INFO     <<SAR>> : 58.13
2019-09-02 02:29 ASI.Manage_Stocks_Portfolio INFO     HQY Evaluation Complete!

2019-09-02 02:29 ASI.Manage_Stocks_Portfolio INFO     Evaluating PNTR Position...

2019-09-02 02:29 ASI.Manage_Stocks_Portfolio INFO     <<Price>> : 14.45
2019-09-02 02:29 ASI.Manage_Stocks_Portfolio INFO     <<RSI>> : 68.21
2019-09-02 02:29 ASI.Manage_Stocks_Portfolio INFO     <<SAR>> : 13.2
2019-09-02 02:29 ASI.Manage_Stocks_Portfolio INFO     PNTR Evaluation Complete!

2019-09-02 02:29 ASI.Manage_Stocks_Portfolio INFO     Evaluating CNP Position...

2019-09-02 02:29 ASI.Manage_Stocks_Portfolio ERROR    Traceback (most recent call last):
  File "C:\ProgramData\Anaconda3\lib\site-packages\urllib3\contrib\pyopenssl.py", line 453, in wrap_socket
    cnx.do_handshake()
  File "C:\ProgramData\Anaconda3\lib\site-packages\OpenSSL\SSL.py", line 1915, in do_handshake
    self._raise_ssl_error(self._ssl, result)
  File "C:\ProgramData\Anaconda3\lib\site-packages\OpenSSL\SSL.py", line 1647, in _raise_ssl_error
    _raise_current_error()
  File "C:\ProgramData\Anaconda3\lib\site-packages\OpenSSL\_util.py", line 54, in exception_from_error_queue
    raise exception_type(errors)
OpenSSL.SSL.Error: [('SSL routines', 'ssl3_read_bytes', 'sslv3 alert handshake failure')]

2019-09-02 02:29 ASI.Manage_Stocks_Portfolio ERROR    Server Error! will retry in 60 sec...
2019-09-02 02:30 ASI.Manage_Stocks_Portfolio INFO     <<Price>> : 27.69
2019-09-02 02:30 ASI.Manage_Stocks_Portfolio INFO     <<RSI>> : 51.53
2019-09-02 02:30 ASI.Manage_Stocks_Portfolio INFO     <<SAR>> : 27.49
2019-09-02 02:30 ASI.Manage_Stocks_Portfolio INFO     CNP Evaluation Complete!

2019-09-02 02:30 ASI.Manage_Stocks_Portfolio INFO     Evaluating TPL Position...

2019-09-02 02:30 ASI.Manage_Stocks_Portfolio INFO     <<Price>> : 655.21
2019-09-02 02:30 ASI.Manage_Stocks_Portfolio INFO     <<RSI>> : 58.71
2019-09-02 02:30 ASI.Manage_Stocks_Portfolio INFO     <<SAR>> : 636.75
2019-09-02 02:30 ASI.Manage_Stocks_Portfolio INFO     TPL Evaluation Complete!

2019-09-02 02:30 ASI.Manage_Stocks_Portfolio INFO     Evaluating LIN Position...

2019-09-02 02:30 ASI.Manage_Stocks_Portfolio INFO     <<Price>> : 188.85
2019-09-02 02:30 ASI.Manage_Stocks_Portfolio INFO     <<RSI>> : 64.17
2019-09-02 02:30 ASI.Manage_Stocks_Portfolio INFO     <<SAR>> : 185.28
2019-09-02 02:30 ASI.Manage_Stocks_Portfolio INFO     LIN Evaluation Complete!

2019-09-02 02:30 ASI.Manage_Stocks_Portfolio INFO     Evaluating HMI Position...

2019-09-02 02:31 ASI.Manage_Stocks_Portfolio WARNING  HMI is Not in Trading Universe! Please add symbol to 'General' trading list!
2019-09-02 02:31 ASI.Manage_Stocks_Portfolio WARNING  HMI is in a downtrend and trading bellow average cost!
2019-09-02 02:31 ASI.Manage_Stocks_Portfolio INFO     <<Price>> : 9.91
2019-09-02 02:31 ASI.Manage_Stocks_Portfolio INFO     <<RSI>> : 46.13
2019-09-02 02:31 ASI.Manage_Stocks_Portfolio INFO     <<SAR>> : 10.45
2019-09-02 02:31 ASI.Manage_Stocks_Portfolio INFO     HMI Evaluation Complete!

2019-09-02 02:31 ASI.Manage_Stocks_Portfolio INFO     Evaluating MSB Position...

2019-09-02 02:31 ASI.Manage_Stocks_Portfolio INFO     <<Price>> : 22.82
2019-09-02 02:31 ASI.Manage_Stocks_Portfolio INFO     <<RSI>> : 58.58
2019-09-02 02:31 ASI.Manage_Stocks_Portfolio INFO     <<SAR>> : 22.64
2019-09-02 02:31 ASI.Manage_Stocks_Portfolio INFO     MSB Evaluation Complete!

2019-09-02 02:31 ASI.Manage_Stocks_Portfolio INFO     Evaluating MC Position...

2019-09-02 02:31 ASI.Manage_Stocks_Portfolio INFO     <<Price>> : 33.53
2019-09-02 02:31 ASI.Manage_Stocks_Portfolio INFO     <<RSI>> : 53.34
2019-09-02 02:31 ASI.Manage_Stocks_Portfolio INFO     <<SAR>> : 33.05
2019-09-02 02:31 ASI.Manage_Stocks_Portfolio INFO     MC Evaluation Complete!

2019-09-02 02:31 ASI.Manage_Stocks_Portfolio INFO     Evaluating ETFC Position...

2019-09-02 02:31 ASI.Manage_Stocks_Portfolio WARNING  ETFC is Not in Trading Universe! Please add symbol to 'General' trading list!
2019-09-02 02:31 ASI.Manage_Stocks_Portfolio INFO     <<Price>> : 41.74
2019-09-02 02:31 ASI.Manage_Stocks_Portfolio INFO     <<RSI>> : 60.29
2019-09-02 02:31 ASI.Manage_Stocks_Portfolio INFO     <<SAR>> : 41.05
2019-09-02 02:31 ASI.Manage_Stocks_Portfolio INFO     ETFC Evaluation Complete!

2019-09-02 02:31 ASI.Manage_Stocks_Portfolio INFO     Evaluating ESQ Position...

2019-09-02 02:31 ASI.Manage_Stocks_Portfolio WARNING  ESQ is Not in Trading Universe! Please add symbol to 'General' trading list!
2019-09-02 02:31 ASI.Manage_Stocks_Portfolio INFO     <<Price>> : 23.5
2019-09-02 02:31 ASI.Manage_Stocks_Portfolio INFO     <<RSI>> : 51.03
2019-09-02 02:31 ASI.Manage_Stocks_Portfolio INFO     <<SAR>> : 22.33
2019-09-02 02:31 ASI.Manage_Stocks_Portfolio INFO     ESQ Evaluation Complete!

2019-09-02 02:31 ASI.Manage_Stocks_Portfolio INFO     Evaluating SIVB Position...

2019-09-02 02:31 ASI.Manage_Stocks_Portfolio WARNING  SIVB is Not in Trading Universe! Please add symbol to 'General' trading list!
2019-09-02 02:31 ASI.Manage_Stocks_Portfolio INFO     <<Price>> : 194.62
2019-09-02 02:31 ASI.Manage_Stocks_Portfolio INFO     <<RSI>> : 60.66
2019-09-02 02:31 ASI.Manage_Stocks_Portfolio INFO     <<SAR>> : 189.38
2019-09-02 02:31 ASI.Manage_Stocks_Portfolio INFO     SIVB Evaluation Complete!

2019-09-02 02:31 ASI.Manage_Stocks_Portfolio INFO     Evaluating SPHD Position...

2019-09-02 02:31 ASI.Manage_Stocks_Portfolio WARNING  SPHD is Not in Trading Universe! Please add symbol to 'General' trading list!
2019-09-02 02:31 ASI.Manage_Stocks_Portfolio INFO     <<Price>> : 40.48
2019-09-02 02:31 ASI.Manage_Stocks_Portfolio INFO     <<RSI>> : 59.04
2019-09-02 02:31 ASI.Manage_Stocks_Portfolio INFO     <<SAR>> : 40.03
2019-09-02 02:31 ASI.Manage_Stocks_Portfolio INFO     SPHD Evaluation Complete!

2019-09-02 02:31 ASI.Manage_Stocks_Portfolio INFO     Evaluating DPZ Position...

2019-09-02 02:31 ASI.Manage_Stocks_Portfolio INFO     <<Price>> : 226.84
2019-09-02 02:31 ASI.Manage_Stocks_Portfolio INFO     <<RSI>> : 53.93
2019-09-02 02:31 ASI.Manage_Stocks_Portfolio INFO     <<SAR>> : 222.06
2019-09-02 02:31 ASI.Manage_Stocks_Portfolio INFO     DPZ Evaluation Complete!

2019-09-02 02:31 ASI.Manage_Stocks_Portfolio INFO     Evaluating INTU Position...

2019-09-02 02:31 ASI.Manage_Stocks_Portfolio INFO     <<Price>> : 288.36
2019-09-02 02:31 ASI.Manage_Stocks_Portfolio INFO     <<RSI>> : 62.16
2019-09-02 02:31 ASI.Manage_Stocks_Portfolio INFO     <<SAR>> : 276.5
2019-09-02 02:31 ASI.Manage_Stocks_Portfolio INFO     INTU Evaluation Complete!

2019-09-02 02:31 ASI.Manage_Stocks_Portfolio INFO     Evaluating TTEK Position...

2019-09-02 02:31 ASI.Manage_Stocks_Portfolio INFO     <<Price>> : 81.12
2019-09-02 02:31 ASI.Manage_Stocks_Portfolio INFO     <<RSI>> : 56.5
2019-09-02 02:31 ASI.Manage_Stocks_Portfolio INFO     <<SAR>> : 79.67
2019-09-02 02:31 ASI.Manage_Stocks_Portfolio INFO     TTEK Evaluation Complete!

2019-09-02 02:31 ASI.Manage_Stocks_Portfolio INFO     Evaluating LOAN Position...

2019-09-02 02:31 ASI.Manage_Stocks_Portfolio INFO     <<Price>> : 6.07
2019-09-02 02:31 ASI.Manage_Stocks_Portfolio INFO     <<RSI>> : 50.35
2019-09-02 02:31 ASI.Manage_Stocks_Portfolio INFO     <<SAR>> : 6.15
2019-09-02 02:31 ASI.Manage_Stocks_Portfolio INFO     LOAN Evaluation Complete!

2019-09-02 02:31 ASI.Manage_Stocks_Portfolio INFO     Evaluating EVTC Position...

2019-09-02 02:31 ASI.Manage_Stocks_Portfolio INFO     <<Price>> : 34.86
2019-09-02 02:31 ASI.Manage_Stocks_Portfolio INFO     <<RSI>> : 53.57
2019-09-02 02:31 ASI.Manage_Stocks_Portfolio INFO     <<SAR>> : 35.26
2019-09-02 02:31 ASI.Manage_Stocks_Portfolio INFO     EVTC Evaluation Complete!

2019-09-02 02:31 ASI.Manage_Stocks_Portfolio INFO     Evaluating DCMYY Position...

2019-09-02 02:31 ASI.Manage_Stocks_Portfolio INFO     <<Price>> : 25.27
2019-09-02 02:31 ASI.Manage_Stocks_Portfolio INFO     <<RSI>> : 70.2
2019-09-02 02:31 ASI.Manage_Stocks_Portfolio INFO     <<SAR>> : 24.37
2019-09-02 02:31 ASI.Manage_Stocks_Portfolio INFO     DCMYY Evaluation Complete!

2019-09-02 02:31 ASI.Manage_Stocks_Portfolio INFO     Evaluating OTEX Position...

2019-09-02 02:31 ASI.Manage_Stocks_Portfolio INFO     <<Price>> : 39.14
2019-09-02 02:31 ASI.Manage_Stocks_Portfolio INFO     <<RSI>> : 67.77
2019-09-02 02:31 ASI.Manage_Stocks_Portfolio INFO     <<SAR>> : 38.46
2019-09-02 02:31 ASI.Manage_Stocks_Portfolio INFO     OTEX Evaluation Complete!

2019-09-02 02:31 ASI.Manage_Stocks_Portfolio INFO     Evaluating CLI Position...

2019-09-02 02:31 ASI.Manage_Stocks_Portfolio WARNING  CLI is Not in Trading Universe! Please add symbol to 'General' trading list!
2019-09-02 02:31 ASI.Manage_Stocks_Portfolio INFO     <<Price>> : 20.37
2019-09-02 02:31 ASI.Manage_Stocks_Portfolio INFO     <<RSI>> : 46.28
2019-09-02 02:31 ASI.Manage_Stocks_Portfolio INFO     <<SAR>> : 20.07
2019-09-02 02:31 ASI.Manage_Stocks_Portfolio INFO     CLI Evaluation Complete!

2019-09-02 02:31 ASI.Manage_Stocks_Portfolio INFO     Evaluating CMCL Position...

2019-09-02 02:31 ASI.Manage_Stocks_Portfolio INFO     <<Price>> : 6.98
2019-09-02 02:31 ASI.Manage_Stocks_Portfolio INFO     <<RSI>> : 63.14
2019-09-02 02:31 ASI.Manage_Stocks_Portfolio INFO     <<SAR>> : 6.51
2019-09-02 02:31 ASI.Manage_Stocks_Portfolio INFO     CMCL Evaluation Complete!

2019-09-02 02:31 ASI.Manage_Stocks_Portfolio INFO     Evaluating GOOD Position...

2019-09-02 02:31 ASI.Manage_Stocks_Portfolio INFO     <<Price>> : 22.67
2019-09-02 02:31 ASI.Manage_Stocks_Portfolio INFO     <<RSI>> : 58.76
2019-09-02 02:31 ASI.Manage_Stocks_Portfolio INFO     <<SAR>> : 22.55
2019-09-02 02:31 ASI.Manage_Stocks_Portfolio INFO     GOOD Evaluation Complete!

2019-09-02 02:31 ASI.Manage_Stocks_Portfolio INFO     Evaluating INTC Position...

2019-09-02 02:31 ASI.Manage_Stocks_Portfolio INFO     <<Price>> : 47.3
2019-09-02 02:31 ASI.Manage_Stocks_Portfolio INFO     <<RSI>> : 66.64
2019-09-02 02:31 ASI.Manage_Stocks_Portfolio INFO     <<SAR>> : 46.29
2019-09-02 02:31 ASI.Manage_Stocks_Portfolio INFO     INTC Evaluation Complete!

2019-09-02 02:31 ASI.Manage_Stocks_Portfolio INFO     Evaluating WSO Position...

2019-09-02 02:31 ASI.Manage_Stocks_Portfolio INFO     <<Price>> : 163.55
2019-09-02 02:31 ASI.Manage_Stocks_Portfolio INFO     <<RSI>> : 65.42
2019-09-02 02:31 ASI.Manage_Stocks_Portfolio INFO     <<SAR>> : 160.36
2019-09-02 02:31 ASI.Manage_Stocks_Portfolio INFO     WSO Evaluation Complete!

2019-09-02 02:31 ASI.Manage_Stocks_Portfolio INFO     Evaluating ADI Position...

2019-09-02 02:31 ASI.Manage_Stocks_Portfolio INFO     <<Price>> : 109.83
2019-09-02 02:31 ASI.Manage_Stocks_Portfolio INFO     <<RSI>> : 58.5
2019-09-02 02:31 ASI.Manage_Stocks_Portfolio INFO     <<SAR>> : 107.99
2019-09-02 02:31 ASI.Manage_Stocks_Portfolio INFO     ADI Evaluation Complete!

2019-09-02 02:31 ASI.Manage_Stocks_Portfolio INFO     Evaluating TSU Position...

2019-09-02 02:31 ASI.Manage_Stocks_Portfolio INFO     <<Price>> : 14.86
2019-09-02 02:31 ASI.Manage_Stocks_Portfolio INFO     <<RSI>> : 69.4
2019-09-02 02:31 ASI.Manage_Stocks_Portfolio INFO     <<SAR>> : 14.42
2019-09-02 02:31 ASI.Manage_Stocks_Portfolio INFO     TSU Evaluation Complete!

2019-09-02 02:31 ASI.Manage_Stocks_Portfolio INFO     Evaluating SGU Position...

2019-09-02 02:31 ASI.Manage_Stocks_Portfolio WARNING  SGU is in a temporary downtrend!
2019-09-02 02:31 ASI.Manage_Stocks_Portfolio INFO     <<Price>> : 9.2
2019-09-02 02:31 ASI.Manage_Stocks_Portfolio INFO     <<RSI>> : 34.11
2019-09-02 02:31 ASI.Manage_Stocks_Portfolio INFO     <<SAR>> : 9.48
2019-09-02 02:31 ASI.Manage_Stocks_Portfolio INFO     SGU Evaluation Complete!

2019-09-02 02:31 ASI.Manage_Stocks_Portfolio INFO     Evaluating EPD Position...

2019-09-02 02:31 ASI.Manage_Stocks_Portfolio INFO     <<Price>> : 28.36
2019-09-02 02:31 ASI.Manage_Stocks_Portfolio INFO     <<RSI>> : 60.79
2019-09-02 02:31 ASI.Manage_Stocks_Portfolio INFO     <<SAR>> : 28.27
2019-09-02 02:31 ASI.Manage_Stocks_Portfolio INFO     EPD Evaluation Complete!

2019-09-02 02:31 ASI.Manage_Stocks_Portfolio INFO     Evaluating ATRI Position...

2019-09-02 02:31 ASI.Manage_Stocks_Portfolio INFO     <<Price>> : 777.15
2019-09-02 02:31 ASI.Manage_Stocks_Portfolio INFO     <<RSI>> : 53.28
2019-09-02 02:31 ASI.Manage_Stocks_Portfolio INFO     <<SAR>> : 762.45
2019-09-02 02:31 ASI.Manage_Stocks_Portfolio INFO     ATRI Evaluation Complete!

2019-09-02 02:31 ASI.Manage_Stocks_Portfolio INFO     Evaluating ALOT Position...

2019-09-02 02:31 ASI.Manage_Stocks_Portfolio WARNING  ALOT is in a temporary downtrend!
2019-09-02 02:31 ASI.Manage_Stocks_Portfolio INFO     <<Price>> : 16.43
2019-09-02 02:31 ASI.Manage_Stocks_Portfolio INFO     <<RSI>> : 36.74
2019-09-02 02:31 ASI.Manage_Stocks_Portfolio INFO     <<SAR>> : 19.66
2019-09-02 02:31 ASI.Manage_Stocks_Portfolio INFO     ALOT Evaluation Complete!

2019-09-02 02:31 ASI.Manage_Stocks_Portfolio INFO     Evaluating MIXT Position...

2019-09-02 02:31 ASI.Manage_Stocks_Portfolio INFO     <<Price>> : 14.12
2019-09-02 02:31 ASI.Manage_Stocks_Portfolio INFO     <<RSI>> : 44.61
2019-09-02 02:31 ASI.Manage_Stocks_Portfolio INFO     <<SAR>> : 13.88
2019-09-02 02:31 ASI.Manage_Stocks_Portfolio INFO     MIXT Evaluation Complete!

2019-09-02 02:31 ASI.Manage_Stocks_Portfolio INFO     Evaluating MDU Position...

2019-09-02 02:31 ASI.Manage_Stocks_Portfolio INFO     <<Price>> : 26.89
2019-09-02 02:31 ASI.Manage_Stocks_Portfolio INFO     <<RSI>> : 63.64
2019-09-02 02:31 ASI.Manage_Stocks_Portfolio INFO     <<SAR>> : 26.58
2019-09-02 02:31 ASI.Manage_Stocks_Portfolio INFO     MDU Evaluation Complete!

2019-09-02 02:31 ASI.Manage_Stocks_Portfolio INFO     Evaluating RCI Position...

2019-09-02 02:31 ASI.Manage_Stocks_Portfolio INFO     <<Price>> : 49.52
2019-09-02 02:31 ASI.Manage_Stocks_Portfolio INFO     <<RSI>> : 53.29
2019-09-02 02:31 ASI.Manage_Stocks_Portfolio INFO     <<SAR>> : 48.99
2019-09-02 02:31 ASI.Manage_Stocks_Portfolio INFO     RCI Evaluation Complete!

2019-09-02 02:31 ASI.Manage_Stocks_Portfolio INFO     Evaluating NTTYY Position...

2019-09-02 02:31 ASI.Manage_Stocks_Portfolio INFO     <<Price>> : 47.93
2019-09-02 02:31 ASI.Manage_Stocks_Portfolio INFO     <<RSI>> : 70.97
2019-09-02 02:31 ASI.Manage_Stocks_Portfolio INFO     <<SAR>> : 46.74
2019-09-02 02:31 ASI.Manage_Stocks_Portfolio INFO     NTTYY Evaluation Complete!

2019-09-02 02:31 ASI.Manage_Stocks_Portfolio INFO     Evaluating PBA Position...

2019-09-02 02:31 ASI.Manage_Stocks_Portfolio INFO     <<Price>> : 36.62
2019-09-02 02:31 ASI.Manage_Stocks_Portfolio INFO     <<RSI>> : 67.2
2019-09-02 02:31 ASI.Manage_Stocks_Portfolio INFO     <<SAR>> : 36.28
2019-09-02 02:31 ASI.Manage_Stocks_Portfolio INFO     PBA Evaluation Complete!

2019-09-02 02:31 ASI.Manage_Stocks_Portfolio INFO     Evaluating EQNR Position...

2019-09-02 02:31 ASI.Manage_Stocks_Portfolio INFO     <<Price>> : 17.01
2019-09-02 02:31 ASI.Manage_Stocks_Portfolio INFO     <<RSI>> : 55.89
2019-09-02 02:31 ASI.Manage_Stocks_Portfolio INFO     <<SAR>> : 16.89
2019-09-02 02:31 ASI.Manage_Stocks_Portfolio INFO     EQNR Evaluation Complete!

2019-09-02 02:31 ASI.Manage_Stocks_Portfolio INFO     Evaluating NHC Position...

2019-09-02 02:31 ASI.Manage_Stocks_Portfolio INFO     <<Price>> : 80.8
2019-09-02 02:31 ASI.Manage_Stocks_Portfolio INFO     <<RSI>> : 48.81
2019-09-02 02:31 ASI.Manage_Stocks_Portfolio INFO     <<SAR>> : 80.03
2019-09-02 02:31 ASI.Manage_Stocks_Portfolio INFO     NHC Evaluation Complete!

2019-09-02 02:31 ASI.Manage_Stocks_Portfolio INFO     Evaluating DGX Position...

2019-09-02 02:31 ASI.Manage_Stocks_Portfolio INFO     <<Price>> : 102.37
2019-09-02 02:31 ASI.Manage_Stocks_Portfolio INFO     <<RSI>> : 55.94
2019-09-02 02:31 ASI.Manage_Stocks_Portfolio INFO     <<SAR>> : 100.8
2019-09-02 02:31 ASI.Manage_Stocks_Portfolio INFO     DGX Evaluation Complete!

2019-09-02 02:31 ASI.Manage_Stocks_Portfolio INFO     Evaluating ENSG Position...

2019-09-02 02:31 ASI.Manage_Stocks_Portfolio INFO     <<Price>> : 49.9
2019-09-02 02:31 ASI.Manage_Stocks_Portfolio INFO     <<RSI>> : 50.97
2019-09-02 02:31 ASI.Manage_Stocks_Portfolio INFO     <<SAR>> : 48.24
2019-09-02 02:31 ASI.Manage_Stocks_Portfolio INFO     ENSG Evaluation Complete!

2019-09-02 02:31 ASI.Manage_Stocks_Portfolio INFO     Evaluating MRLN Position...

2019-09-02 02:31 ASI.Manage_Stocks_Portfolio INFO     <<Price>> : 21.63
2019-09-02 02:31 ASI.Manage_Stocks_Portfolio INFO     <<RSI>> : 40.06
2019-09-02 02:31 ASI.Manage_Stocks_Portfolio INFO     <<SAR>> : 21.11
2019-09-02 02:31 ASI.Manage_Stocks_Portfolio INFO     MRLN Evaluation Complete!

2019-09-02 02:31 ASI.Manage_Stocks_Portfolio INFO     Evaluating CPHC Position...

2019-09-02 02:31 ASI.Manage_Stocks_Portfolio INFO     <<Price>> : 12.2
2019-09-02 02:31 ASI.Manage_Stocks_Portfolio INFO     <<RSI>> : 46.04
2019-09-02 02:31 ASI.Manage_Stocks_Portfolio INFO     <<SAR>> : 12.14
2019-09-02 02:31 ASI.Manage_Stocks_Portfolio INFO     CPHC Evaluation Complete!

2019-09-02 02:31 ASI.Manage_Stocks_Portfolio INFO     Evaluating OBCI Position...

2019-09-02 02:31 ASI.Manage_Stocks_Portfolio INFO     OBCI is Overvalued...
2019-09-02 02:31 ASI.Manage_Stocks_Portfolio INFO     << Sold 14 shares of OBCI at $3.31! >>
2019-09-02 02:31 ASI.Manage_Stocks_Portfolio INFO     <<Price>> : 3.31
2019-09-02 02:31 ASI.Manage_Stocks_Portfolio INFO     <<RSI>> : 45.76
2019-09-02 02:31 ASI.Manage_Stocks_Portfolio INFO     <<SAR>> : 3.46
2019-09-02 02:31 ASI.Manage_Stocks_Portfolio INFO     OBCI Evaluation Complete!

2019-09-02 02:31 ASI.Manage_Stocks_Portfolio INFO     Evaluating PME Position...

2019-09-02 02:31 ASI.Manage_Stocks_Portfolio INFO     PME is Overvalued...
2019-09-02 02:31 ASI.Manage_Stocks_Portfolio INFO     << Sold 20 shares of PME at $2.31! >>
2019-09-02 02:31 ASI.Manage_Stocks_Portfolio INFO     <<Price>> : 2.31
2019-09-02 02:31 ASI.Manage_Stocks_Portfolio INFO     <<RSI>> : 46.56
2019-09-02 02:31 ASI.Manage_Stocks_Portfolio INFO     <<SAR>> : 2.37
2019-09-02 02:31 ASI.Manage_Stocks_Portfolio INFO     PME Evaluation Complete!

2019-09-02 02:31 ASI.Manage_Stocks_Portfolio INFO     Evaluating HLG Position...

2019-09-02 02:31 ASI.Manage_Stocks_Portfolio WARNING  HLG is in a temporary downtrend!
2019-09-02 02:31 ASI.Manage_Stocks_Portfolio INFO     <<Price>> : 63.25
2019-09-02 02:31 ASI.Manage_Stocks_Portfolio INFO     <<RSI>> : 46.02
2019-09-02 02:31 ASI.Manage_Stocks_Portfolio INFO     <<SAR>> : 64.12
2019-09-02 02:31 ASI.Manage_Stocks_Portfolio INFO     HLG Evaluation Complete!

2019-09-02 02:31 ASI.Manage_Stocks_Portfolio INFO     Evaluating KNX Position...

2019-09-02 02:31 ASI.Manage_Stocks_Portfolio INFO     <<Price>> : 34.14
2019-09-02 02:31 ASI.Manage_Stocks_Portfolio INFO     <<RSI>> : 63.87
2019-09-02 02:31 ASI.Manage_Stocks_Portfolio INFO     <<SAR>> : 32.87
2019-09-02 02:31 ASI.Manage_Stocks_Portfolio INFO     KNX Evaluation Complete!

2019-09-02 02:31 ASI.Manage_Stocks_Portfolio INFO     Evaluating USDP Position...

2019-09-02 02:31 ASI.Manage_Stocks_Portfolio WARNING  USDP is in a temporary downtrend!
2019-09-02 02:31 ASI.Manage_Stocks_Portfolio INFO     <<Price>> : 10.59
2019-09-02 02:31 ASI.Manage_Stocks_Portfolio INFO     <<RSI>> : 43.42
2019-09-02 02:31 ASI.Manage_Stocks_Portfolio INFO     <<SAR>> : 10.62
2019-09-02 02:31 ASI.Manage_Stocks_Portfolio INFO     USDP Evaluation Complete!

2019-09-02 02:31 ASI.Manage_Stocks_Portfolio INFO     Evaluating SMP Position...

2019-09-02 02:31 ASI.Manage_Stocks_Portfolio INFO     <<Price>> : 44.31
2019-09-02 02:31 ASI.Manage_Stocks_Portfolio INFO     <<RSI>> : 52.62
2019-09-02 02:31 ASI.Manage_Stocks_Portfolio INFO     <<SAR>> : 43.67
2019-09-02 02:31 ASI.Manage_Stocks_Portfolio INFO     SMP Evaluation Complete!

2019-09-02 02:31 ASI.Manage_Stocks_Portfolio INFO     Evaluating VVI Position...

2019-09-02 02:31 ASI.Manage_Stocks_Portfolio WARNING  VVI is Not in Trading Universe! Please add symbol to 'General' trading list!
2019-09-02 02:31 ASI.Manage_Stocks_Portfolio WARNING  VVI is in a downtrend and trading bellow average cost!
2019-09-02 02:31 ASI.Manage_Stocks_Portfolio INFO     <<Price>> : 64.63
2019-09-02 02:31 ASI.Manage_Stocks_Portfolio INFO     <<RSI>> : 46.96
2019-09-02 02:31 ASI.Manage_Stocks_Portfolio INFO     <<SAR>> : 65.38
2019-09-02 02:31 ASI.Manage_Stocks_Portfolio INFO     VVI Evaluation Complete!

2019-09-02 02:31 ASI.Manage_Stocks_Portfolio INFO     Evaluating MNDO Position...

2019-09-02 02:31 ASI.Manage_Stocks_Portfolio INFO     <<Price>> : 2.24
2019-09-02 02:31 ASI.Manage_Stocks_Portfolio INFO     <<RSI>> : 58.32
2019-09-02 02:31 ASI.Manage_Stocks_Portfolio INFO     <<SAR>> : 2.2
2019-09-02 02:31 ASI.Manage_Stocks_Portfolio INFO     MNDO Evaluation Complete!

2019-09-02 02:31 ASI.Manage_Stocks_Portfolio INFO     Evaluating BSBR Position...

2019-09-02 02:31 ASI.Manage_Stocks_Portfolio INFO     <<Price>> : 10.25
2019-09-02 02:31 ASI.Manage_Stocks_Portfolio INFO     <<RSI>> : 61.67
2019-09-02 02:31 ASI.Manage_Stocks_Portfolio INFO     <<SAR>> : 10.09
2019-09-02 02:31 ASI.Manage_Stocks_Portfolio INFO     BSBR Evaluation Complete!

2019-09-02 02:31 ASI.Manage_Stocks_Portfolio INFO     Evaluating SYX Position...

2019-09-02 02:31 ASI.Manage_Stocks_Portfolio INFO     <<Price>> : 20.07
2019-09-02 02:31 ASI.Manage_Stocks_Portfolio INFO     <<RSI>> : 55.32
2019-09-02 02:31 ASI.Manage_Stocks_Portfolio INFO     <<SAR>> : 19.89
2019-09-02 02:31 ASI.Manage_Stocks_Portfolio INFO     SYX Evaluation Complete!

2019-09-02 02:31 ASI.Manage_Stocks_Portfolio INFO     Evaluating IHC Position...

2019-09-02 02:31 ASI.Manage_Stocks_Portfolio WARNING  IHC is in a temporary downtrend!
2019-09-02 02:31 ASI.Manage_Stocks_Portfolio INFO     <<Price>> : 37.02
2019-09-02 02:31 ASI.Manage_Stocks_Portfolio INFO     <<RSI>> : 49.64
2019-09-02 02:31 ASI.Manage_Stocks_Portfolio INFO     <<SAR>> : 37.78
2019-09-02 02:31 ASI.Manage_Stocks_Portfolio INFO     IHC Evaluation Complete!

2019-09-02 02:31 ASI.Manage_Stocks_Portfolio INFO     Evaluating TKR Position...

2019-09-02 02:31 ASI.Manage_Stocks_Portfolio INFO     <<Price>> : 40.18
2019-09-02 02:31 ASI.Manage_Stocks_Portfolio INFO     <<RSI>> : 67.12
2019-09-02 02:31 ASI.Manage_Stocks_Portfolio INFO     <<SAR>> : 38.84
2019-09-02 02:31 ASI.Manage_Stocks_Portfolio INFO     TKR Evaluation Complete!

2019-09-02 02:31 ASI.Manage_Stocks_Portfolio INFO     Evaluating GCBC Position...

2019-09-02 02:31 ASI.Manage_Stocks_Portfolio INFO     <<Price>> : 26.9
2019-09-02 02:31 ASI.Manage_Stocks_Portfolio INFO     <<RSI>> : 56.64
2019-09-02 02:31 ASI.Manage_Stocks_Portfolio INFO     <<SAR>> : 26.08
2019-09-02 02:31 ASI.Manage_Stocks_Portfolio INFO     GCBC Evaluation Complete!

2019-09-02 02:31 ASI.Manage_Stocks_Portfolio INFO     Evaluating UVXY Position...

2019-09-02 02:31 ASI.Manage_Stocks_Portfolio INFO     <<Price>> : 32.15
2019-09-02 02:31 ASI.Manage_Stocks_Portfolio INFO     <<RSI>> : 42.35
2019-09-02 02:31 ASI.Manage_Stocks_Portfolio INFO     <<SAR>> : 33.1
2019-09-02 02:31 ASI.Manage_Stocks_Portfolio INFO     UVXY Evaluation Complete!

2019-09-02 02:31 ASI.Manage_Stocks_Portfolio INFO     Evaluating NVDA Position...

2019-09-02 02:31 ASI.Manage_Stocks_Portfolio INFO     <<Price>> : 167.17
2019-09-02 02:31 ASI.Manage_Stocks_Portfolio INFO     <<RSI>> : 56.63
2019-09-02 02:31 ASI.Manage_Stocks_Portfolio INFO     <<SAR>> : 162.71
2019-09-02 02:31 ASI.Manage_Stocks_Portfolio INFO     NVDA Evaluation Complete!

2019-09-02 02:31 ASI.Manage_Stocks_Portfolio INFO     Evaluating MSFT Position...

2019-09-02 02:31 ASI.Manage_Stocks_Portfolio INFO     <<Price>> : 137.74
2019-09-02 02:31 ASI.Manage_Stocks_Portfolio INFO     <<RSI>> : 59.02
2019-09-02 02:31 ASI.Manage_Stocks_Portfolio INFO     <<SAR>> : 135.58
2019-09-02 02:31 ASI.Manage_Stocks_Portfolio INFO     MSFT Evaluation Complete!

2019-09-02 02:31 ASI.Manage_Stocks_Portfolio INFO     Evaluating HRC Position...

2019-09-02 02:32 ASI.Manage_Stocks_Portfolio INFO     <<Price>> : 107.68
2019-09-02 02:32 ASI.Manage_Stocks_Portfolio INFO     <<RSI>> : 58.49
2019-09-02 02:32 ASI.Manage_Stocks_Portfolio INFO     <<SAR>> : 106.19
2019-09-02 02:32 ASI.Manage_Stocks_Portfolio INFO     HRC Evaluation Complete!

2019-09-02 02:32 ASI.Manage_Stocks_Portfolio INFO     Evaluating NRC Position...

2019-09-02 02:32 ASI.Manage_Stocks_Portfolio INFO     <<Price>> : 64.03
2019-09-02 02:32 ASI.Manage_Stocks_Portfolio INFO     <<RSI>> : 49.65
2019-09-02 02:32 ASI.Manage_Stocks_Portfolio INFO     <<SAR>> : 62.34
2019-09-02 02:32 ASI.Manage_Stocks_Portfolio INFO     NRC Evaluation Complete!

2019-09-02 02:32 ASI.Manage_Stocks_Portfolio INFO     Evaluating IMOS Position...

2019-09-02 02:32 ASI.Manage_Stocks_Portfolio INFO     <<Price>> : 19.48
2019-09-02 02:32 ASI.Manage_Stocks_Portfolio INFO     <<RSI>> : 51.73
2019-09-02 02:32 ASI.Manage_Stocks_Portfolio INFO     <<SAR>> : 19.09
2019-09-02 02:32 ASI.Manage_Stocks_Portfolio INFO     IMOS Evaluation Complete!

2019-09-02 02:32 ASI.Manage_Stocks_Portfolio INFO     Evaluating MANT Position...

2019-09-02 02:32 ASI.Manage_Stocks_Portfolio INFO     <<Price>> : 70.28
2019-09-02 02:32 ASI.Manage_Stocks_Portfolio INFO     <<RSI>> : 57.37
2019-09-02 02:32 ASI.Manage_Stocks_Portfolio INFO     <<SAR>> : 69.86
2019-09-02 02:32 ASI.Manage_Stocks_Portfolio INFO     MANT Evaluation Complete!

2019-09-02 02:32 ASI.Manage_Stocks_Portfolio INFO     Evaluating LHX Position...

2019-09-02 02:32 ASI.Manage_Stocks_Portfolio INFO     <<Price>> : 211.41
2019-09-02 02:32 ASI.Manage_Stocks_Portfolio INFO     <<RSI>> : 42.9
2019-09-02 02:32 ASI.Manage_Stocks_Portfolio INFO     <<SAR>> : 209.89
2019-09-02 02:32 ASI.Manage_Stocks_Portfolio INFO     LHX Evaluation Complete!

2019-09-02 02:32 ASI.Manage_Stocks_Portfolio INFO     Evaluating MPW Position...

2019-09-02 02:32 ASI.Manage_Stocks_Portfolio INFO     <<Price>> : 18.59
2019-09-02 02:32 ASI.Manage_Stocks_Portfolio INFO     <<RSI>> : 49.46
2019-09-02 02:32 ASI.Manage_Stocks_Portfolio INFO     <<SAR>> : 18.43
2019-09-02 02:32 ASI.Manage_Stocks_Portfolio INFO     MPW Evaluation Complete!

2019-09-02 02:32 ASI.Manage_Stocks_Portfolio INFO     Evaluating NYMT Position...

2019-09-02 02:32 ASI.Manage_Stocks_Portfolio INFO     <<Price>> : 6.15
2019-09-02 02:32 ASI.Manage_Stocks_Portfolio INFO     <<RSI>> : 45.08
2019-09-02 02:32 ASI.Manage_Stocks_Portfolio INFO     <<SAR>> : 6.15
2019-09-02 02:32 ASI.Manage_Stocks_Portfolio INFO     NYMT Evaluation Complete!

2019-09-02 02:32 ASI.Manage_Stocks_Portfolio INFO     Evaluating AJG Position...

2019-09-02 02:32 ASI.Manage_Stocks_Portfolio INFO     <<Price>> : 90.71
2019-09-02 02:32 ASI.Manage_Stocks_Portfolio INFO     <<RSI>> : 65.47
2019-09-02 02:32 ASI.Manage_Stocks_Portfolio INFO     <<SAR>> : 88.37
2019-09-02 02:32 ASI.Manage_Stocks_Portfolio INFO     AJG Evaluation Complete!

2019-09-02 02:32 ASI.Manage_Stocks_Portfolio INFO     Evaluating MNRO Position...

2019-09-02 02:32 ASI.Manage_Stocks_Portfolio INFO     <<Price>> : 77.72
2019-09-02 02:32 ASI.Manage_Stocks_Portfolio INFO     <<RSI>> : 47.14
2019-09-02 02:32 ASI.Manage_Stocks_Portfolio INFO     <<SAR>> : 76.61
2019-09-02 02:32 ASI.Manage_Stocks_Portfolio INFO     MNRO Evaluation Complete!

2019-09-02 02:32 ASI.Manage_Stocks_Portfolio INFO     Evaluating DRI Position...

2019-09-02 02:32 ASI.Manage_Stocks_Portfolio INFO     <<Price>> : 120.98
2019-09-02 02:32 ASI.Manage_Stocks_Portfolio INFO     <<RSI>> : 49.45
2019-09-02 02:32 ASI.Manage_Stocks_Portfolio INFO     <<SAR>> : 120.51
2019-09-02 02:32 ASI.Manage_Stocks_Portfolio INFO     DRI Evaluation Complete!

2019-09-02 02:32 ASI.Manage_Stocks_Portfolio INFO     Evaluating AMEH Position...

2019-09-02 02:32 ASI.Manage_Stocks_Portfolio WARNING  AMEH is in a temporary downtrend!
2019-09-02 02:32 ASI.Manage_Stocks_Portfolio INFO     <<Price>> : 19.58
2019-09-02 02:32 ASI.Manage_Stocks_Portfolio INFO     <<RSI>> : 46.92
2019-09-02 02:32 ASI.Manage_Stocks_Portfolio INFO     <<SAR>> : 20.81
2019-09-02 02:32 ASI.Manage_Stocks_Portfolio INFO     AMEH Evaluation Complete!

2019-09-02 02:32 ASI.Manage_Stocks_Portfolio INFO     Evaluating CRH Position...

2019-09-02 02:32 ASI.Manage_Stocks_Portfolio INFO     <<Price>> : 33.51
2019-09-02 02:32 ASI.Manage_Stocks_Portfolio INFO     <<RSI>> : 63.55
2019-09-02 02:32 ASI.Manage_Stocks_Portfolio INFO     <<SAR>> : 32.74
2019-09-02 02:32 ASI.Manage_Stocks_Portfolio INFO     CRH Evaluation Complete!

2019-09-02 02:32 ASI.Manage_Stocks_Portfolio INFO     Evaluating GSB Position...

2019-09-02 02:32 ASI.Manage_Stocks_Portfolio INFO     <<Price>> : 12.01
2019-09-02 02:32 ASI.Manage_Stocks_Portfolio INFO     <<RSI>> : 56.81
2019-09-02 02:32 ASI.Manage_Stocks_Portfolio INFO     <<SAR>> : 11.28
2019-09-02 02:32 ASI.Manage_Stocks_Portfolio INFO     GSB Evaluation Complete!

2019-09-02 02:32 ASI.Manage_Stocks_Portfolio INFO     Evaluating NC Position...

2019-09-02 02:32 ASI.Manage_Stocks_Portfolio WARNING  NC is in a temporary downtrend!
2019-09-02 02:32 ASI.Manage_Stocks_Portfolio INFO     <<Price>> : 49.78
2019-09-02 02:32 ASI.Manage_Stocks_Portfolio INFO     <<RSI>> : 45.93
2019-09-02 02:32 ASI.Manage_Stocks_Portfolio INFO     <<SAR>> : 50.53
2019-09-02 02:32 ASI.Manage_Stocks_Portfolio INFO     NC Evaluation Complete!

2019-09-02 02:32 ASI.Manage_Stocks_Portfolio INFO     Evaluating HTA Position...

2019-09-02 02:32 ASI.Manage_Stocks_Portfolio INFO     <<Price>> : 28.36
2019-09-02 02:32 ASI.Manage_Stocks_Portfolio INFO     <<RSI>> : 61.41
2019-09-02 02:32 ASI.Manage_Stocks_Portfolio INFO     <<SAR>> : 28.02
2019-09-02 02:32 ASI.Manage_Stocks_Portfolio INFO     HTA Evaluation Complete!

2019-09-02 02:32 ASI.Manage_Stocks_Portfolio INFO     Evaluating PSEC Position...

2019-09-02 02:32 ASI.Manage_Stocks_Portfolio WARNING  PSEC is Not in Trading Universe! Please add symbol to 'General' trading list!
2019-09-02 02:32 ASI.Manage_Stocks_Portfolio WARNING  PSEC is in a downtrend and trading bellow average cost!
2019-09-02 02:32 ASI.Manage_Stocks_Portfolio INFO     <<Price>> : 6.35
2019-09-02 02:32 ASI.Manage_Stocks_Portfolio INFO     <<RSI>> : 35.65
2019-09-02 02:32 ASI.Manage_Stocks_Portfolio INFO     <<SAR>> : 6.62
2019-09-02 02:32 ASI.Manage_Stocks_Portfolio INFO     PSEC Evaluation Complete!

2019-09-02 02:32 ASI.Manage_Stocks_Portfolio INFO     Evaluating MTRN Position...

2019-09-02 02:32 ASI.Manage_Stocks_Portfolio WARNING  MTRN is in a temporary downtrend!
2019-09-02 02:32 ASI.Manage_Stocks_Portfolio INFO     <<Price>> : 58.84
2019-09-02 02:32 ASI.Manage_Stocks_Portfolio INFO     <<RSI>> : 48.02
2019-09-02 02:32 ASI.Manage_Stocks_Portfolio INFO     <<SAR>> : 59.89
2019-09-02 02:32 ASI.Manage_Stocks_Portfolio INFO     MTRN Evaluation Complete!

2019-09-02 02:32 ASI.Manage_Stocks_Portfolio INFO     Evaluating PPG Position...

2019-09-02 02:32 ASI.Manage_Stocks_Portfolio INFO     <<Price>> : 110.79
2019-09-02 02:32 ASI.Manage_Stocks_Portfolio INFO     <<RSI>> : 59.26
2019-09-02 02:32 ASI.Manage_Stocks_Portfolio INFO     <<SAR>> : 108.84
2019-09-02 02:32 ASI.Manage_Stocks_Portfolio INFO     PPG Evaluation Complete!

2019-09-02 02:32 ASI.Manage_Stocks_Portfolio INFO     Evaluating CCOI Position...

2019-09-02 02:32 ASI.Manage_Stocks_Portfolio INFO     <<Price>> : 60.89
2019-09-02 02:32 ASI.Manage_Stocks_Portfolio INFO     <<RSI>> : 59.54
2019-09-02 02:32 ASI.Manage_Stocks_Portfolio INFO     <<SAR>> : 60.04
2019-09-02 02:32 ASI.Manage_Stocks_Portfolio INFO     CCOI Evaluation Complete!

2019-09-02 02:32 ASI.Manage_Stocks_Portfolio INFO     Evaluating TU Position...

2019-09-02 02:32 ASI.Manage_Stocks_Portfolio INFO     <<Price>> : 36.24
2019-09-02 02:32 ASI.Manage_Stocks_Portfolio INFO     <<RSI>> : 63.47
2019-09-02 02:32 ASI.Manage_Stocks_Portfolio INFO     <<SAR>> : 35.79
2019-09-02 02:32 ASI.Manage_Stocks_Portfolio INFO     TU Evaluation Complete!

2019-09-02 02:32 ASI.Manage_Stocks_Portfolio INFO     Evaluating RGCO Position...

2019-09-02 02:32 ASI.Manage_Stocks_Portfolio INFO     <<Price>> : 28.38
2019-09-02 02:32 ASI.Manage_Stocks_Portfolio INFO     <<RSI>> : 49.01
2019-09-02 02:32 ASI.Manage_Stocks_Portfolio INFO     <<SAR>> : 27.4
2019-09-02 02:32 ASI.Manage_Stocks_Portfolio INFO     RGCO Evaluation Complete!

2019-09-02 02:32 ASI.Manage_Stocks_Portfolio INFO     Evaluating MSEX Position...

2019-09-02 02:32 ASI.Manage_Stocks_Portfolio INFO     <<Price>> : 61.04
2019-09-02 02:32 ASI.Manage_Stocks_Portfolio INFO     <<RSI>> : 57.82
2019-09-02 02:32 ASI.Manage_Stocks_Portfolio INFO     <<SAR>> : 59.86
2019-09-02 02:32 ASI.Manage_Stocks_Portfolio INFO     MSEX Evaluation Complete!

2019-09-02 02:32 ASI.Manage_Stocks_Portfolio INFO     Evaluating OTTR Position...

2019-09-02 02:32 ASI.Manage_Stocks_Portfolio INFO     <<Price>> : 50.62
2019-09-02 02:32 ASI.Manage_Stocks_Portfolio INFO     <<RSI>> : 56.01
2019-09-02 02:32 ASI.Manage_Stocks_Portfolio INFO     <<SAR>> : 49.93
2019-09-02 02:32 ASI.Manage_Stocks_Portfolio INFO     OTTR Evaluation Complete!

2019-09-02 02:32 ASI.Manage_Stocks_Portfolio INFO     Evaluating CWCO Position...

2019-09-02 02:32 ASI.Manage_Stocks_Portfolio INFO     <<Price>> : 14.66
2019-09-02 02:32 ASI.Manage_Stocks_Portfolio INFO     <<RSI>> : 49.37
2019-09-02 02:32 ASI.Manage_Stocks_Portfolio INFO     <<SAR>> : 14.36
2019-09-02 02:32 ASI.Manage_Stocks_Portfolio INFO     CWCO Evaluation Complete!

2019-09-02 02:32 ASI.Manage_Stocks_Portfolio INFO     Evaluating ARTNA Position...

2019-09-02 02:32 ASI.Manage_Stocks_Portfolio INFO     <<Price>> : 36.4
2019-09-02 02:32 ASI.Manage_Stocks_Portfolio INFO     <<RSI>> : 53.48
2019-09-02 02:32 ASI.Manage_Stocks_Portfolio INFO     <<SAR>> : 35.7
2019-09-02 02:32 ASI.Manage_Stocks_Portfolio INFO     ARTNA Evaluation Complete!

2019-09-02 02:32 ASI.Manage_Stocks_Portfolio INFO     Evaluating GRFS Position...

2019-09-02 02:32 ASI.Manage_Stocks_Portfolio WARNING  GRFS is in a temporary downtrend!
2019-09-02 02:32 ASI.Manage_Stocks_Portfolio INFO     <<Price>> : 21.3
2019-09-02 02:32 ASI.Manage_Stocks_Portfolio INFO     <<RSI>> : 45.43
2019-09-02 02:32 ASI.Manage_Stocks_Portfolio INFO     <<SAR>> : 21.49
2019-09-02 02:32 ASI.Manage_Stocks_Portfolio INFO     GRFS Evaluation Complete!

2019-09-02 02:32 ASI.Manage_Stocks_Portfolio INFO     Evaluating PKI Position...

2019-09-02 02:32 ASI.Manage_Stocks_Portfolio INFO     <<Price>> : 82.7
2019-09-02 02:32 ASI.Manage_Stocks_Portfolio INFO     <<RSI>> : 58.0
2019-09-02 02:32 ASI.Manage_Stocks_Portfolio INFO     <<SAR>> : 82.04
2019-09-02 02:32 ASI.Manage_Stocks_Portfolio INFO     PKI Evaluation Complete!

2019-09-02 02:32 ASI.Manage_Stocks_Portfolio INFO     Evaluating BRKR Position...

2019-09-02 02:32 ASI.Manage_Stocks_Portfolio INFO     <<Price>> : 43.17
2019-09-02 02:32 ASI.Manage_Stocks_Portfolio INFO     <<RSI>> : 64.93
2019-09-02 02:32 ASI.Manage_Stocks_Portfolio INFO     <<SAR>> : 42.55
2019-09-02 02:32 ASI.Manage_Stocks_Portfolio INFO     BRKR Evaluation Complete!

2019-09-02 02:32 ASI.Manage_Stocks_Portfolio INFO     Evaluating STM Position...

2019-09-02 02:32 ASI.Manage_Stocks_Portfolio INFO     <<Price>> : 17.7
2019-09-02 02:32 ASI.Manage_Stocks_Portfolio INFO     <<RSI>> : 53.76
2019-09-02 02:32 ASI.Manage_Stocks_Portfolio INFO     <<SAR>> : 17.35
2019-09-02 02:32 ASI.Manage_Stocks_Portfolio INFO     STM Evaluation Complete!

2019-09-02 02:32 ASI.Manage_Stocks_Portfolio INFO     Evaluating MGIC Position...

2019-09-02 02:32 ASI.Manage_Stocks_Portfolio INFO     <<Price>> : 9.45
2019-09-02 02:32 ASI.Manage_Stocks_Portfolio INFO     <<RSI>> : 58.14
2019-09-02 02:32 ASI.Manage_Stocks_Portfolio INFO     <<SAR>> : 9.09
2019-09-02 02:32 ASI.Manage_Stocks_Portfolio INFO     MGIC Evaluation Complete!

2019-09-02 02:32 ASI.Manage_Stocks_Portfolio INFO     Evaluating RS Position...

2019-09-02 02:32 ASI.Manage_Stocks_Portfolio INFO     <<Price>> : 97.23
2019-09-02 02:32 ASI.Manage_Stocks_Portfolio INFO     <<RSI>> : 54.79
2019-09-02 02:32 ASI.Manage_Stocks_Portfolio INFO     <<SAR>> : 95.68
2019-09-02 02:32 ASI.Manage_Stocks_Portfolio INFO     RS Evaluation Complete!

2019-09-02 02:32 ASI.Manage_Stocks_Portfolio INFO     Evaluating WLKP Position...

2019-09-02 02:32 ASI.Manage_Stocks_Portfolio INFO     <<Price>> : 21.16
2019-09-02 02:32 ASI.Manage_Stocks_Portfolio INFO     <<RSI>> : 49.52
2019-09-02 02:32 ASI.Manage_Stocks_Portfolio INFO     <<SAR>> : 21.0
2019-09-02 02:32 ASI.Manage_Stocks_Portfolio INFO     WLKP Evaluation Complete!

2019-09-02 02:32 ASI.Manage_Stocks_Portfolio INFO     Evaluating GGB Position...

2019-09-02 02:32 ASI.Manage_Stocks_Portfolio INFO     <<Price>> : 3.03
2019-09-02 02:32 ASI.Manage_Stocks_Portfolio INFO     <<RSI>> : 73.16
2019-09-02 02:32 ASI.Manage_Stocks_Portfolio INFO     <<SAR>> : 2.93
2019-09-02 02:32 ASI.Manage_Stocks_Portfolio INFO     GGB Evaluation Complete!

2019-09-02 02:32 ASI.Manage_Stocks_Portfolio INFO     Evaluating EC Position...

2019-09-02 02:32 ASI.Manage_Stocks_Portfolio INFO     <<Price>> : 15.8
2019-09-02 02:32 ASI.Manage_Stocks_Portfolio INFO     <<RSI>> : 66.45
2019-09-02 02:32 ASI.Manage_Stocks_Portfolio INFO     <<SAR>> : 15.26
2019-09-02 02:32 ASI.Manage_Stocks_Portfolio INFO     EC Evaluation Complete!

2019-09-02 02:32 ASI.Manage_Stocks_Portfolio INFO     Evaluating A Position...

2019-09-02 02:32 ASI.Manage_Stocks_Portfolio INFO     <<Price>> : 71.11
2019-09-02 02:32 ASI.Manage_Stocks_Portfolio INFO     <<RSI>> : 56.94
2019-09-02 02:32 ASI.Manage_Stocks_Portfolio INFO     <<SAR>> : 69.07
2019-09-02 02:32 ASI.Manage_Stocks_Portfolio INFO     A Evaluation Complete!

2019-09-02 02:32 ASI.Manage_Stocks_Portfolio INFO     Evaluating HCA Position...

2019-09-02 02:32 ASI.Manage_Stocks_Portfolio INFO     <<Price>> : 120.2
2019-09-02 02:32 ASI.Manage_Stocks_Portfolio INFO     <<RSI>> : 47.9
2019-09-02 02:32 ASI.Manage_Stocks_Portfolio INFO     <<SAR>> : 118.64
2019-09-02 02:32 ASI.Manage_Stocks_Portfolio INFO     HCA Evaluation Complete!

2019-09-02 02:32 ASI.Manage_Stocks_Portfolio INFO     Evaluating FXNC Position...

2019-09-02 02:32 ASI.Manage_Stocks_Portfolio INFO     <<Price>> : 18.6
2019-09-02 02:32 ASI.Manage_Stocks_Portfolio INFO     <<RSI>> : 48.83
2019-09-02 02:32 ASI.Manage_Stocks_Portfolio INFO     <<SAR>> : 17.5
2019-09-02 02:32 ASI.Manage_Stocks_Portfolio INFO     FXNC Evaluation Complete!

2019-09-02 02:32 ASI.Manage_Stocks_Portfolio INFO     Evaluating LPLA Position...

2019-09-02 02:32 ASI.Manage_Stocks_Portfolio INFO     <<Price>> : 74.95
2019-09-02 02:32 ASI.Manage_Stocks_Portfolio INFO     <<RSI>> : 66.05
2019-09-02 02:32 ASI.Manage_Stocks_Portfolio INFO     <<SAR>> : 73.43
2019-09-02 02:32 ASI.Manage_Stocks_Portfolio INFO     LPLA Evaluation Complete!

2019-09-02 02:32 ASI.Manage_Stocks_Portfolio INFO     Evaluating NWFL Position...

2019-09-02 02:32 ASI.Manage_Stocks_Portfolio INFO     <<Price>> : 30.72
2019-09-02 02:32 ASI.Manage_Stocks_Portfolio INFO     <<RSI>> : 50.38
2019-09-02 02:32 ASI.Manage_Stocks_Portfolio INFO     <<SAR>> : 30.08
2019-09-02 02:32 ASI.Manage_Stocks_Portfolio INFO     NWFL Evaluation Complete!

2019-09-02 02:32 ASI.Manage_Stocks_Portfolio INFO     Evaluating CNS Position...

2019-09-02 02:32 ASI.Manage_Stocks_Portfolio INFO     <<Price>> : 53.93
2019-09-02 02:32 ASI.Manage_Stocks_Portfolio INFO     <<RSI>> : 59.46
2019-09-02 02:32 ASI.Manage_Stocks_Portfolio INFO     <<SAR>> : 53.21
2019-09-02 02:32 ASI.Manage_Stocks_Portfolio INFO     CNS Evaluation Complete!

2019-09-02 02:32 ASI.Manage_Stocks_Portfolio INFO     Evaluating WLTW Position...

2019-09-02 02:32 ASI.Manage_Stocks_Portfolio INFO     <<Price>> : 197.97
2019-09-02 02:32 ASI.Manage_Stocks_Portfolio INFO     <<RSI>> : 72.35
2019-09-02 02:32 ASI.Manage_Stocks_Portfolio INFO     <<SAR>> : 189.86
2019-09-02 02:32 ASI.Manage_Stocks_Portfolio INFO     WLTW Evaluation Complete!

2019-09-02 02:32 ASI.Manage_Stocks_Portfolio INFO     Evaluating FNF Position...

2019-09-02 02:32 ASI.Manage_Stocks_Portfolio INFO     <<Price>> : 43.94
2019-09-02 02:32 ASI.Manage_Stocks_Portfolio INFO     <<RSI>> : 50.91
2019-09-02 02:32 ASI.Manage_Stocks_Portfolio INFO     <<SAR>> : 43.73
2019-09-02 02:32 ASI.Manage_Stocks_Portfolio INFO     FNF Evaluation Complete!

2019-09-02 02:32 ASI.Manage_Stocks_Portfolio INFO     Evaluating NNI Position...

2019-09-02 02:32 ASI.Manage_Stocks_Portfolio INFO     <<Price>> : 67.05
2019-09-02 02:32 ASI.Manage_Stocks_Portfolio INFO     <<RSI>> : 54.08
2019-09-02 02:32 ASI.Manage_Stocks_Portfolio INFO     <<SAR>> : 66.25
2019-09-02 02:32 ASI.Manage_Stocks_Portfolio INFO     NNI Evaluation Complete!

2019-09-02 02:32 ASI.Manage_Stocks_Portfolio INFO     Evaluating PRI Position...

2019-09-02 02:32 ASI.Manage_Stocks_Portfolio INFO     <<Price>> : 119.17
2019-09-02 02:32 ASI.Manage_Stocks_Portfolio INFO     <<RSI>> : 60.56
2019-09-02 02:32 ASI.Manage_Stocks_Portfolio INFO     <<SAR>> : 116.59
2019-09-02 02:32 ASI.Manage_Stocks_Portfolio INFO     PRI Evaluation Complete!

2019-09-02 02:32 ASI.Manage_Stocks_Portfolio INFO     Evaluating ORI Position...

2019-09-02 02:32 ASI.Manage_Stocks_Portfolio INFO     <<Price>> : 23.36
2019-09-02 02:32 ASI.Manage_Stocks_Portfolio INFO     <<RSI>> : 61.34
2019-09-02 02:32 ASI.Manage_Stocks_Portfolio INFO     <<SAR>> : 23.03
2019-09-02 02:32 ASI.Manage_Stocks_Portfolio INFO     ORI Evaluation Complete!

2019-09-02 02:32 ASI.Manage_Stocks_Portfolio INFO     Evaluating FAF Position...

2019-09-02 02:32 ASI.Manage_Stocks_Portfolio INFO     <<Price>> : 58.45
2019-09-02 02:32 ASI.Manage_Stocks_Portfolio INFO     <<RSI>> : 53.81
2019-09-02 02:32 ASI.Manage_Stocks_Portfolio INFO     <<SAR>> : 57.96
2019-09-02 02:32 ASI.Manage_Stocks_Portfolio INFO     FAF Evaluation Complete!

2019-09-02 02:32 ASI.Manage_Stocks_Portfolio INFO     Evaluating BSAC Position...

2019-09-02 02:32 ASI.Manage_Stocks_Portfolio INFO     <<Price>> : 28.4
2019-09-02 02:32 ASI.Manage_Stocks_Portfolio INFO     <<RSI>> : 67.76
2019-09-02 02:32 ASI.Manage_Stocks_Portfolio INFO     <<SAR>> : 27.85
2019-09-02 02:32 ASI.Manage_Stocks_Portfolio INFO     BSAC Evaluation Complete!

2019-09-02 02:32 ASI.Manage_Stocks_Portfolio INFO     Evaluating BCH Position...

2019-09-02 02:32 ASI.Manage_Stocks_Portfolio INFO     <<Price>> : 28.51
2019-09-02 02:32 ASI.Manage_Stocks_Portfolio INFO     <<RSI>> : 62.24
2019-09-02 02:32 ASI.Manage_Stocks_Portfolio INFO     <<SAR>> : 27.76
2019-09-02 02:32 ASI.Manage_Stocks_Portfolio INFO     BCH Evaluation Complete!

2019-09-02 02:32 ASI.Manage_Stocks_Portfolio INFO     Evaluating RJF Position...

2019-09-02 02:32 ASI.Manage_Stocks_Portfolio INFO     <<Price>> : 78.51
2019-09-02 02:32 ASI.Manage_Stocks_Portfolio INFO     <<RSI>> : 62.74
2019-09-02 02:32 ASI.Manage_Stocks_Portfolio INFO     <<SAR>> : 76.81
2019-09-02 02:32 ASI.Manage_Stocks_Portfolio INFO     RJF Evaluation Complete!

2019-09-02 02:32 ASI.Manage_Stocks_Portfolio INFO     Evaluating HTGC Position...

2019-09-02 02:32 ASI.Manage_Stocks_Portfolio INFO     <<Price>> : 13.13
2019-09-02 02:32 ASI.Manage_Stocks_Portfolio INFO     <<RSI>> : 60.95
2019-09-02 02:32 ASI.Manage_Stocks_Portfolio INFO     <<SAR>> : 12.93
2019-09-02 02:32 ASI.Manage_Stocks_Portfolio INFO     HTGC Evaluation Complete!

2019-09-02 02:32 ASI.Manage_Stocks_Portfolio INFO     Evaluating OMC Position...

2019-09-02 02:32 ASI.Manage_Stocks_Portfolio INFO     <<Price>> : 76.06
2019-09-02 02:32 ASI.Manage_Stocks_Portfolio INFO     <<RSI>> : 52.95
2019-09-02 02:32 ASI.Manage_Stocks_Portfolio INFO     <<SAR>> : 74.91
2019-09-02 02:32 ASI.Manage_Stocks_Portfolio INFO     OMC Evaluation Complete!

2019-09-02 02:32 ASI.Manage_Stocks_Portfolio INFO     Evaluating BLL Position...

2019-09-02 02:32 ASI.Manage_Stocks_Portfolio INFO     <<Price>> : 80.41
2019-09-02 02:32 ASI.Manage_Stocks_Portfolio INFO     <<RSI>> : 58.95
2019-09-02 02:32 ASI.Manage_Stocks_Portfolio INFO     <<SAR>> : 79.27
2019-09-02 02:32 ASI.Manage_Stocks_Portfolio INFO     BLL Evaluation Complete!

2019-09-02 02:32 ASI.Manage_Stocks_Portfolio INFO     Evaluating SON Position...

2019-09-02 02:32 ASI.Manage_Stocks_Portfolio INFO     <<Price>> : 57.2
2019-09-02 02:32 ASI.Manage_Stocks_Portfolio INFO     <<RSI>> : 55.26
2019-09-02 02:32 ASI.Manage_Stocks_Portfolio INFO     <<SAR>> : 56.54
2019-09-02 02:32 ASI.Manage_Stocks_Portfolio INFO     SON Evaluation Complete!

2019-09-02 02:32 ASI.Manage_Stocks_Portfolio INFO     Evaluating MPX Position...

2019-09-02 02:32 ASI.Manage_Stocks_Portfolio INFO     <<Price>> : 15.13
2019-09-02 02:32 ASI.Manage_Stocks_Portfolio INFO     <<RSI>> : 51.54
2019-09-02 02:32 ASI.Manage_Stocks_Portfolio INFO     <<SAR>> : 14.75
2019-09-02 02:32 ASI.Manage_Stocks_Portfolio INFO     MPX Evaluation Complete!

2019-09-02 02:32 ASI.Manage_Stocks_Portfolio INFO     Evaluating MAR Position...

2019-09-02 02:32 ASI.Manage_Stocks_Portfolio WARNING  MAR is in a temporary downtrend!
2019-09-02 02:32 ASI.Manage_Stocks_Portfolio INFO     <<Price>> : 125.04
2019-09-02 02:32 ASI.Manage_Stocks_Portfolio INFO     <<RSI>> : 48.17
2019-09-02 02:32 ASI.Manage_Stocks_Portfolio INFO     <<SAR>> : 125.26
2019-09-02 02:32 ASI.Manage_Stocks_Portfolio INFO     MAR Evaluation Complete!

2019-09-02 02:32 ASI.Manage_Stocks_Portfolio INFO     Evaluating SIX Position...

2019-09-02 02:32 ASI.Manage_Stocks_Portfolio INFO     <<Price>> : 59.17
2019-09-02 02:32 ASI.Manage_Stocks_Portfolio INFO     <<RSI>> : 66.26
2019-09-02 02:32 ASI.Manage_Stocks_Portfolio INFO     <<SAR>> : 57.4
2019-09-02 02:32 ASI.Manage_Stocks_Portfolio INFO     SIX Evaluation Complete!

2019-09-02 02:32 ASI.Manage_Stocks_Portfolio INFO     Evaluating PKG Position...

2019-09-02 02:32 ASI.Manage_Stocks_Portfolio INFO     <<Price>> : 100.58
2019-09-02 02:32 ASI.Manage_Stocks_Portfolio INFO     <<RSI>> : 59.0
2019-09-02 02:32 ASI.Manage_Stocks_Portfolio INFO     <<SAR>> : 97.55
2019-09-02 02:32 ASI.Manage_Stocks_Portfolio INFO     PKG Evaluation Complete!

2019-09-02 02:32 ASI.Manage_Stocks_Portfolio INFO     Evaluating IHG Position...

2019-09-02 02:33 ASI.Manage_Stocks_Portfolio INFO     <<Price>> : 62.68
2019-09-02 02:33 ASI.Manage_Stocks_Portfolio INFO     <<RSI>> : 47.54
2019-09-02 02:33 ASI.Manage_Stocks_Portfolio INFO     <<SAR>> : 62.28
2019-09-02 02:33 ASI.Manage_Stocks_Portfolio INFO     IHG Evaluation Complete!

2019-09-02 02:33 ASI.Manage_Stocks_Portfolio INFO     Evaluating DLB Position...

2019-09-02 02:33 ASI.Manage_Stocks_Portfolio INFO     <<Price>> : 61.56
2019-09-02 02:33 ASI.Manage_Stocks_Portfolio INFO     <<RSI>> : 51.64
2019-09-02 02:33 ASI.Manage_Stocks_Portfolio INFO     <<SAR>> : 62.6
2019-09-02 02:33 ASI.Manage_Stocks_Portfolio INFO     DLB Evaluation Complete!

2019-09-02 02:33 ASI.Manage_Stocks_Portfolio INFO     Evaluating AQN Position...

2019-09-02 02:33 ASI.Manage_Stocks_Portfolio INFO     <<Price>> : 13.07
2019-09-02 02:33 ASI.Manage_Stocks_Portfolio INFO     <<RSI>> : 61.17
2019-09-02 02:33 ASI.Manage_Stocks_Portfolio INFO     <<SAR>> : 12.99
2019-09-02 02:33 ASI.Manage_Stocks_Portfolio INFO     AQN Evaluation Complete!

2019-09-02 02:33 ASI.Manage_Stocks_Portfolio INFO     <<Portfolio Evaluation Completed!>>


2019-09-02 02:33 ASI.Manage_Stocks_Portfolio INFO     Building Portfolio...

2019-09-02 02:33 ASI.Manage_Stocks_Portfolio INFO     Updating Sector Funds...

2019-09-02 02:33 ASI.Manage_Stocks_Portfolio INFO     <<Account Info>>
2019-09-02 02:33 ASI.Manage_Stocks_Portfolio INFO     Margin Used : -9854.64
2019-09-02 02:33 ASI.Manage_Stocks_Portfolio INFO     Dividend Stocks Buying Power : 14340.569536000005
2019-09-02 02:33 ASI.Manage_Stocks_Portfolio INFO     Growth Stocks Buying Power : 21510.854304000004

2019-09-02 02:33 ASI.Manage_Stocks_Portfolio INFO     Calculating Portfolio Beta...

2019-09-02 02:33 ASI.Manage_Stocks_Portfolio INFO     Portfolio Beta : 0.88
2019-09-02 02:33 ASI.Manage_Stocks_Portfolio INFO     Current Portfolio Hedge : $3858.0
2019-09-02 02:33 ASI.Manage_Stocks_Portfolio INFO     Required Portfolio Hedge : $6012.69
2019-09-02 02:33 ASI.Manage_Stocks_Portfolio INFO     Market Cycle : Mark Down Phase

2019-09-02 02:33 ASI.Manage_Stocks_Portfolio INFO     Building Portfolio...

2019-09-02 02:33 ASI.Manage_Stocks_Portfolio INFO     Updating Sector Funds...

2019-09-02 02:33 ASI.Manage_Stocks_Portfolio INFO     <<Account Info>>
2019-09-02 02:33 ASI.Manage_Stocks_Portfolio INFO     Margin Used : -9854.64
2019-09-02 02:33 ASI.Manage_Stocks_Portfolio INFO     Dividend Stocks Buying Power : 14340.569536000005
2019-09-02 02:33 ASI.Manage_Stocks_Portfolio INFO     Growth Stocks Buying Power : 21510.854304000004

2019-09-02 02:33 ASI.Manage_Stocks_Portfolio WARNING  Closing Unrecognized Positions...

2019-09-02 02:33 ASI.Manage_Stocks_Portfolio INFO     Waiting for better market conditions to sell 2 shares of FB...
2019-09-02 02:33 ASI.Manage_Stocks_Portfolio INFO     Waiting for better market conditions to sell 2 shares of USNA...
2019-09-02 02:33 ASI.Manage_Stocks_Portfolio INFO     Waiting for better market conditions to sell 1 shares of SNX...
2019-09-02 02:33 ASI.Manage_Stocks_Portfolio INFO     Waiting for better market conditions to sell 35 shares of CSFL...
2019-09-02 02:33 ASI.Manage_Stocks_Portfolio INFO     Waiting for better market conditions to sell 10 shares of YETI...
2019-09-02 02:33 ASI.Manage_Stocks_Portfolio INFO     Waiting for better market conditions to sell 10 shares of NCBS...
2019-09-02 02:33 ASI.Manage_Stocks_Portfolio INFO     Waiting for better market conditions to sell 6 shares of TRMB...
2019-09-02 02:33 ASI.Manage_Stocks_Portfolio INFO     Waiting for better market conditions to sell 20 shares of HMI...
2019-09-02 02:33 ASI.Manage_Stocks_Portfolio INFO     Waiting for better market conditions to sell 1 shares of ETFC...
2019-09-02 02:33 ASI.Manage_Stocks_Portfolio INFO     Waiting for better market conditions to sell 8 shares of ESQ...
2019-09-02 02:33 ASI.Manage_Stocks_Portfolio INFO     Waiting for better market conditions to sell 1 shares of SIVB...
2019-09-02 02:33 ASI.Manage_Stocks_Portfolio INFO     Waiting for better market conditions to sell 20 shares of SPHD...
2019-09-02 02:33 ASI.Manage_Stocks_Portfolio INFO     Waiting for better market conditions to sell 6 shares of CLI...
2019-09-02 02:33 ASI.Manage_Stocks_Portfolio INFO     Waiting for better market conditions to sell 1 shares of VVI...
2019-09-02 02:33 ASI.Manage_Stocks_Portfolio INFO     Waiting for better market conditions to sell 1 shares of PSEC...
2019-09-02 02:33 ASI.Manage_Stocks_Portfolio INFO     Building Portfolio...

2019-09-02 02:34 ASI.Manage_Stocks_Portfolio INFO     Updating Sector Funds...

2019-09-02 02:34 ASI.Manage_Stocks_Portfolio INFO     <<Account Info>>
2019-09-02 02:34 ASI.Manage_Stocks_Portfolio INFO     Margin Used : -9854.64
2019-09-02 02:34 ASI.Manage_Stocks_Portfolio INFO     Dividend Stocks Buying Power : 14340.569536000005
2019-09-02 02:34 ASI.Manage_Stocks_Portfolio INFO     Growth Stocks Buying Power : 21510.854304000004

2019-09-02 02:34 ASI.Manage_Stocks_Portfolio INFO     Rebalancing Portfolio...

2019-09-02 02:34 ASI.Manage_Stocks_Portfolio INFO     Rebalancing Real Estate Stocks...

2019-09-02 02:34 ASI.Manage_Stocks_Portfolio INFO     Available Sector Funds : 424.15
2019-09-02 02:34 ASI.Manage_Stocks_Portfolio INFO     Max Equity : 483.99 | Desired Equity : 322.66
2019-09-02 02:34 ASI.Manage_Stocks_Portfolio INFO     << Sold 14 shares of ADC at $74.69! >>
2019-09-02 02:34 ASI.Manage_Stocks_Portfolio WARNING  SELL_ONLY_MODE
2019-09-02 02:34 ASI.Manage_Stocks_Portfolio INFO     <<Portfolio is Up to Date!>>

2019-09-02 02:34 ASI.Manage_Stocks_Portfolio INFO     0 Positions Added!
2019-09-02 02:34 ASI.Manage_Stocks_Portfolio INFO     0 Positions Removed!
2019-09-02 02:34 ASI.Manage_Stocks_Portfolio INFO     Total Current Holdings : 142 Positions
2019-09-02 02:34 ASI.Manage_Stocks_Portfolio INFO     Current Positions : ['FB', 'AMZN', 'PBBI', 'CPRT', 'USNA', 'FIZZ', 'MNST', 'ULTA', 'ANET', 'SNX', 'LMAT', 'NSP', 'EPAM', 'LHCG', 'CSFL', 'YETI', 'SMTC', 'NCBS', 'TXN', 'DMLP', 'JOBS', 'ADC', 'NOVT', 'TRMB', 'STAG', 'HQY', 'PNTR', 'CNP', 'TPL', 'LIN', 'HMI', 'MSB', 'MC', 'ETFC', 'ESQ', 'SIVB', 'SPHD', 'DPZ', 'INTU', 'TTEK', 'LOAN', 'EVTC', 'DCMYY', 'OTEX', 'CLI', 'CMCL', 'GOOD', 'INTC', 'WSO', 'ADI', 'TSU', 'SGU', 'EPD', 'ATRI', 'ALOT', 'MIXT', 'MDU', 'RCI', 'NTTYY', 'PBA', 'EQNR', 'NHC', 'DGX', 'ENSG', 'MRLN', 'CPHC', 'OBCI', 'PME', 'HLG', 'KNX', 'USDP', 'SMP', 'VVI', 'MNDO', 'BSBR', 'SYX', 'IHC', 'TKR', 'GCBC', 'UVXY', 'NVDA', 'MSFT', 'HRC', 'NRC', 'IMOS', 'MANT', 'LHX', 'MPW', 'NYMT', 'AJG', 'MNRO', 'DRI', 'AMEH', 'CRH', 'GSB', 'NC', 'HTA', 'PSEC', 'MTRN', 'PPG', 'CCOI', 'TU', 'RGCO', 'MSEX', 'OTTR', 'CWCO', 'ARTNA', 'GRFS', 'PKI', 'BRKR', 'STM', 'MGIC', 'RS', 'WLKP', 'GGB', 'EC', 'A', 'HCA', 'FXNC', 'LPLA', 'NWFL', 'CNS', 'WLTW', 'FNF', 'NNI', 'PRI', 'ORI', 'FAF', 'BSAC', 'BCH', 'RJF', 'HTGC', 'OMC', 'BLL', 'SON', 'MPX', 'MAR', 'SIX', 'PKG', 'IHG', 'DLB', 'AQN']

2019-09-02 02:34 ASI.Manage_Stocks_Portfolio INFO     Saving stock portfolio state...

2019-09-02 02:34 ASI.Main Thread WARNING  Manual Override! ASI shutting down...
2019-09-02 02:34 ASI.Manage_Stocks_Portfolio INFO     Saving stock portfolio state...
